Seg Jun 21 13:36:27 -03 2021
slurmd[padufc34]: execve(): ./apMesh: No such file or directory
slurmd[padufc34]: execve(): ./apMesh: No such file or directory
slurmd[padufc34]: execve(): ./apMesh: No such file or directory
slurmd[padufc34]: execve(): ./apMesh: No such file or directory
slurmd[padufc34]: execve(): ./apMesh: No such file or directory
slurmd[padufc34]: execve(): ./apMesh: No such file or directory
slurmd[padufc34]: execve(): ./apMesh: No such file or directory
slurmd[padufc34]: execve(): ./apMesh: No such file or directory
slurmd[padufc34]: execve(): ./apMesh: No such file or directory
slurmd[padufc34]: execve(): ./apMesh: No such file or directory
srun: error: padufc34: tasks 0-9: Exited with exit code 2
Seg Jun 21 13:36:27 -03 2021
Ter Jun 22 10:08:10 -03 2021

libgomp: Invalid value for environment variable OMP_NUM_THREADS


libgomp: Invalid value for environment variable OMP_NUM_THREADS

libgomp: Invalid value for environment variable OMP_NUM_THREADS
libgomp: Invalid value for environment variable OMP_NUM_THREADS

libgomp: Invalid value for environment variable OMP_NUM_THREADS

libgomp: Invalid value for environment variable OMP_NUM_THREADS


libgomp: Invalid value for environment variable OMP_NUM_THREADS
libgomp: Invalid value for environment variable OMP_NUM_THREADS

libgomp: Invalid value for environment variable OMP_NUM_THREADS

libgomp: Invalid value for environment variable OMP_NUM_THREADS
--------------------------------------------------------------------------
WARNING: There is at least non-excluded one OpenFabrics device found,
but there are no active ports detected (or Open MPI was unable to use
them).  This is most certainly not what you wanted.  Check your
cables, subnet manager configuration, etc.  The openib BTL will be
ignored for this job.

  Local host: padufc42
--------------------------------------------------------------------------
--------------------------------------------------------------------------
WARNING: There is at least non-excluded one OpenFabrics device found,
but there are no active ports detected (or Open MPI was unable to use
them).  This is most certainly not what you wanted.  Check your
cables, subnet manager configuration, etc.  The openib BTL will be
ignored for this job.

  Local host: padufc42
--------------------------------------------------------------------------
--------------------------------------------------------------------------
WARNING: There is at least non-excluded one OpenFabrics device found,
but there are no active ports detected (or Open MPI was unable to use
them).  This is most certainly not what you wanted.  Check your
cables, subnet manager configuration, etc.  The openib BTL will be
ignored for this job.

  Local host: padufc42
--------------------------------------------------------------------------
--------------------------------------------------------------------------
WARNING: There is at least non-excluded one OpenFabrics device found,
but there are no active ports detected (or Open MPI was unable to use
them).  This is most certainly not what you wanted.  Check your
cables, subnet manager configuration, etc.  The openib BTL will be
ignored for this job.

  Local host: padufc42
--------------------------------------------------------------------------
--------------------------------------------------------------------------
WARNING: There is at least non-excluded one OpenFabrics device found,
but there are no active ports detected (or Open MPI was unable to use
them).  This is most certainly not what you wanted.  Check your
cables, subnet manager configuration, etc.  The openib BTL will be
ignored for this job.

  Local host: padufc42
--------------------------------------------------------------------------
--------------------------------------------------------------------------
WARNING: There is at least non-excluded one OpenFabrics device found,
but there are no active ports detected (or Open MPI was unable to use
them).  This is most certainly not what you wanted.  Check your
cables, subnet manager configuration, etc.  The openib BTL will be
ignored for this job.

  Local host: padufc42
--------------------------------------------------------------------------
--------------------------------------------------------------------------
WARNING: There is at least non-excluded one OpenFabrics device found,
but there are no active ports detected (or Open MPI was unable to use
them).  This is most certainly not what you wanted.  Check your
cables, subnet manager configuration, etc.  The openib BTL will be
ignored for this job.

  Local host: padufc42
--------------------------------------------------------------------------
--------------------------------------------------------------------------
WARNING: There is at least non-excluded one OpenFabrics device found,
but there are no active ports detected (or Open MPI was unable to use
them).  This is most certainly not what you wanted.  Check your
cables, subnet manager configuration, etc.  The openib BTL will be
ignored for this job.

  Local host: padufc42
--------------------------------------------------------------------------
--------------------------------------------------------------------------
WARNING: There is at least non-excluded one OpenFabrics device found,
but there are no active ports detected (or Open MPI was unable to use
them).  This is most certainly not what you wanted.  Check your
cables, subnet manager configuration, etc.  The openib BTL will be
ignored for this job.

  Local host: padufc42
--------------------------------------------------------------------------
--------------------------------------------------------------------------
WARNING: There is at least non-excluded one OpenFabrics device found,
but there are no active ports detected (or Open MPI was unable to use
them).  This is most certainly not what you wanted.  Check your
cables, subnet manager configuration, etc.  The openib BTL will be
ignored for this job.

  Local host: padufc42
--------------------------------------------------------------------------
#elements_rainier_n.process__passo_1_rank_4
60067
#nodes_rainier_n.process__passo_1_rank_4
34823
Erro do processo 4 no passo 0 = 65.6839
Erro do processo 4 no passo 1 = 0.81906
INIT >> ANÁLISE DOS ELEMENTOS DA MALHA GERADA
END >> ANÁLISE DOS ELEMENTOS DA MALHA GERADA
INIT >> ANÁLISE DOS ELEMENTOS DA MALHA GERADA
END >> ANÁLISE DOS ELEMENTOS DA MALHA GERADA

Tempo do processo 4
0
0.01245
0.928888
1.29877
1.96798
0.005394
0.116523
183.017
187.347
Método do processo 4 com 1 thread(s) finalizado com Sucesso!
#elements_rainier_n.process__passo_1_rank_0
60106
#nodes_rainier_n.process__passo_1_rank_0
34836
Erro do processo 0 no passo 0 = 66.3303
Erro do processo 0 no passo 1 = 0.762065
INIT >> ANÁLISE DOS ELEMENTOS DA MALHA GERADA
END >> ANÁLISE DOS ELEMENTOS DA MALHA GERADA
INIT >> ANÁLISE DOS ELEMENTOS DA MALHA GERADA
END >> ANÁLISE DOS ELEMENTOS DA MALHA GERADA

Tempo do processo 0
182.998
0.002831
0.938623
1.73283
1.58173
0.005289
0.129411
0.029253
187.418
Método do processo 0 com 1 thread(s) finalizado com Sucesso!
#elements_rainier_n.process__passo_1_rank_3
60035
#nodes_rainier_n.process__passo_1_rank_3
34811
Erro do processo 3 no passo 0 = 64.7743
Erro do processo 3 no passo 1 = 0.798925
INIT >> ANÁLISE DOS ELEMENTOS DA MALHA GERADA
END >> ANÁLISE DOS ELEMENTOS DA MALHA GERADA
INIT >> ANÁLISE DOS ELEMENTOS DA MALHA GERADA
END >> ANÁLISE DOS ELEMENTOS DA MALHA GERADA

Tempo do processo 3
0
0.002366
1.12301
1.8355
1.65612
0.015359
0.122338
183.014
187.769
Método do processo 3 com 1 thread(s) finalizado com Sucesso!
#elements_rainier_n.process__passo_1_rank_8
60230
#nodes_rainier_n.process__passo_1_rank_8
34917
Erro do processo 8 no passo 0 = 66.8388
Erro do processo 8 no passo 1 = 0.739932
INIT >> ANÁLISE DOS ELEMENTOS DA MALHA GERADA
END >> ANÁLISE DOS ELEMENTOS DA MALHA GERADA
INIT >> ANÁLISE DOS ELEMENTOS DA MALHA GERADA
END >> ANÁLISE DOS ELEMENTOS DA MALHA GERADA

Tempo do processo 8
0
0.00245
1.00886
1.73873
1.91234
0.005315
0.099506
183.028
187.795
Método do processo 8 com 1 thread(s) finalizado com Sucesso!
#elements_rainier_n.process__passo_1_rank_1
60032
#nodes_rainier_n.process__passo_1_rank_1
34790
Erro do processo 1 no passo 0 = 66.5066
Erro do processo 1 no passo 1 = 0.763425
INIT >> ANÁLISE DOS ELEMENTOS DA MALHA GERADA
#elements_rainier_n.process__passo_1_rank_7
60018
#nodes_rainier_n.process__passo_1_rank_7
34807
Erro do processo 7 no passo 0 = 65.1843
Erro do processo 7 no passo 1 = 0.776532
INIT >> ANÁLISE DOS ELEMENTOS DA MALHA GERADA
END >> ANÁLISE DOS ELEMENTOS DA MALHA GERADA
INIT >> ANÁLISE DOS ELEMENTOS DA MALHA GERADA
#elements_rainier_n.process__passo_1_rank_6
60062
#nodes_rainier_n.process__passo_1_rank_6
34815
Erro do processo 6 no passo 0 = 65.9384
Erro do processo 6 no passo 1 = 0.825696
INIT >> ANÁLISE DOS ELEMENTOS DA MALHA GERADA
#elements_rainier_n.process__passo_1_rank_2
60252
#nodes_rainier_n.process__passo_1_rank_2
34926
Erro do processo 2 no passo 0 = 65.2017
Erro do processo 2 no passo 1 = 0.888215
INIT >> ANÁLISE DOS ELEMENTOS DA MALHA GERADA
END >> ANÁLISE DOS ELEMENTOS DA MALHA GERADA
INIT >> ANÁLISE DOS ELEMENTOS DA MALHA GERADA
END >> ANÁLISE DOS ELEMENTOS DA MALHA GERADA
INIT >> ANÁLISE DOS ELEMENTOS DA MALHA GERADA
END >> ANÁLISE DOS ELEMENTOS DA MALHA GERADA
INIT >> ANÁLISE DOS ELEMENTOS DA MALHA GERADA
END >> ANÁLISE DOS ELEMENTOS DA MALHA GERADA

Tempo do processo 2
0
0.002741
0.993868
1.75347
2.03083
0.005252
0.121224
183.006
187.913
Método do processo 2 com 1 thread(s) finalizado com Sucesso!
END >> ANÁLISE DOS ELEMENTOS DA MALHA GERADA

Tempo do processo 7
0
0.012517
1.22539
1.87353
1.66372
0.015398
0.095303
183.03
187.916
Método do processo 7 com 1 thread(s) finalizado com Sucesso!
END >> ANÁLISE DOS ELEMENTOS DA MALHA GERADA

Tempo do processo 1
0
0.01266
1.08944
1.73301
1.93407
0.015407
0.132634
183.001
187.918
Método do processo 1 com 1 thread(s) finalizado com Sucesso!
END >> ANÁLISE DOS ELEMENTOS DA MALHA GERADA

Tempo do processo 6
0
0.009718
1.12294
1.67443
1.98835
0.005873
0.103577
183.018
187.923
Método do processo 6 com 1 thread(s) finalizado com Sucesso!
#elements_rainier_n.process__passo_1_rank_5
60298
#nodes_rainier_n.process__passo_1_rank_5
34951
Erro do processo 5 no passo 0 = 66.5412
Erro do processo 5 no passo 1 = 0.778033
INIT >> ANÁLISE DOS ELEMENTOS DA MALHA GERADA
END >> ANÁLISE DOS ELEMENTOS DA MALHA GERADA
INIT >> ANÁLISE DOS ELEMENTOS DA MALHA GERADA
#elements_rainier_n.process__passo_1_rank_9
60187
#nodes_rainier_n.process__passo_1_rank_9
34877
Erro do processo 9 no passo 0 = 65.9108
Erro do processo 9 no passo 1 = 0.801454
INIT >> ANÁLISE DOS ELEMENTOS DA MALHA GERADA
END >> ANÁLISE DOS ELEMENTOS DA MALHA GERADA
INIT >> ANÁLISE DOS ELEMENTOS DA MALHA GERADA
END >> ANÁLISE DOS ELEMENTOS DA MALHA GERADA

Tempo do processo 5
0
0.012415
1.22418
1.76463
1.82132
0.012073
0.086946
183.018
187.94
Método do processo 5 com 1 thread(s) finalizado com Sucesso!
END >> ANÁLISE DOS ELEMENTOS DA MALHA GERADA

Tempo do processo 9
0
0.002538
1.06173
2.00312
1.7379
0.015363
0.094893
183.031
187.946
Método do processo 9 com 1 thread(s) finalizado com Sucesso!
Ter Jun 22 10:11:19 -03 2021
