Seg Jun 21 13:34:27 -03 2021
slurmd[padufc34]: execve(): ./apMesh: No such file or directory
slurmd[padufc34]: execve(): ./apMesh: No such file or directory
srun: error: padufc34: tasks 0-1: Exited with exit code 2
Seg Jun 21 13:34:27 -03 2021
Ter Jun 22 02:56:57 -03 2021

libgomp: Invalid value for environment variable OMP_NUM_THREADS

libgomp: Invalid value for environment variable OMP_NUM_THREADS
--------------------------------------------------------------------------
WARNING: There is at least non-excluded one OpenFabrics device found,
but there are no active ports detected (or Open MPI was unable to use
them).  This is most certainly not what you wanted.  Check your
cables, subnet manager configuration, etc.  The openib BTL will be
ignored for this job.

  Local host: padufc34
--------------------------------------------------------------------------
--------------------------------------------------------------------------
WARNING: There is at least non-excluded one OpenFabrics device found,
but there are no active ports detected (or Open MPI was unable to use
them).  This is most certainly not what you wanted.  Check your
cables, subnet manager configuration, etc.  The openib BTL will be
ignored for this job.

  Local host: padufc34
--------------------------------------------------------------------------
#elements_rainier_n.process__passo_1_rank_0
299955
#nodes_rainier_n.process__passo_1_rank_0
173884
Erro do processo 0 no passo 0 = 65.6246
Erro do processo 0 no passo 1 = 1.07275
INIT >> ANÁLISE DOS ELEMENTOS DA MALHA GERADA
END >> ANÁLISE DOS ELEMENTOS DA MALHA GERADA
INIT >> ANÁLISE DOS ELEMENTOS DA MALHA GERADA
END >> ANÁLISE DOS ELEMENTOS DA MALHA GERADA

Tempo do processo 0
118.411
0.349019
2.51334
5.20559
6.91073
0.029164
0.63941
0.000843
134.059
Método do processo 0 com 1 thread(s) finalizado com Sucesso!
#elements_rainier_n.process__passo_1_rank_1
301368
#nodes_rainier_n.process__passo_1_rank_1
174696
Erro do processo 1 no passo 0 = 66.1556
Erro do processo 1 no passo 1 = 1.08438
INIT >> ANÁLISE DOS ELEMENTOS DA MALHA GERADA
END >> ANÁLISE DOS ELEMENTOS DA MALHA GERADA
INIT >> ANÁLISE DOS ELEMENTOS DA MALHA GERADA
END >> ANÁLISE DOS ELEMENTOS DA MALHA GERADA

Tempo do processo 1
0
0.344017
2.50521
5.2854
7.14355
0.028135
0.641283
118.415
134.363
Método do processo 1 com 1 thread(s) finalizado com Sucesso!
Ter Jun 22 02:59:12 -03 2021
