Ter Jun 22 20:12:42 -03 2021




libgomp: Invalid value for environment variable OMP_NUM_THREADS

libgomp: Invalid value for environment variable OMP_NUM_THREADS

libgomp: Invalid value for environment variable OMP_NUM_THREADS

libgomp: Invalid value for environment variable OMP_NUM_THREADS

libgomp: Invalid value for environment variable OMP_NUM_THREADS

libgomp: Invalid value for environment variable OMP_NUM_THREADS

libgomp: Invalid value for environment variable OMP_NUM_THREADS

libgomp: Invalid value for environment variable OMP_NUM_THREADS

libgomp: Invalid value for environment variable OMP_NUM_THREADS

libgomp: Invalid value for environment variable OMP_NUM_THREADS

libgomp: Invalid value for environment variable OMP_NUM_THREADS
libgomp: Invalid value for environment variable OMP_NUM_THREADS

libgomp: Invalid value for environment variable OMP_NUM_THREADS

libgomp: Invalid value for environment variable OMP_NUM_THREADS

libgomp: Invalid value for environment variable OMP_NUM_THREADS

libgomp: Invalid value for environment variable OMP_NUM_THREADS
libgomp: Invalid value for environment variable OMP_NUM_THREADS


libgomp: Invalid value for environment variable OMP_NUM_THREADS

libgomp: Invalid value for environment variable OMP_NUM_THREADS

libgomp: Invalid value for environment variable OMP_NUM_THREADS

libgomp: Invalid value for environment variable OMP_NUM_THREADS

libgomp: Invalid value for environment variable OMP_NUM_THREADS

libgomp: Invalid value for environment variable OMP_NUM_THREADS
libgomp: Invalid value for environment variable OMP_NUM_THREADS

libgomp: Invalid value for environment variable OMP_NUM_THREADS

libgomp: Invalid value for environment variable OMP_NUM_THREADS

libgomp: Invalid value for environment variable OMP_NUM_THREADS

libgomp: Invalid value for environment variable OMP_NUM_THREADS

libgomp: Invalid value for environment variable OMP_NUM_THREADS
libgomp: Invalid value for environment variable OMP_NUM_THREADS

libgomp: Invalid value for environment variable OMP_NUM_THREADS

libgomp: Invalid value for environment variable OMP_NUM_THREADS

libgomp: Invalid value for environment variable OMP_NUM_THREADS


libgomp: Invalid value for environment variable OMP_NUM_THREADS

libgomp: Invalid value for environment variable OMP_NUM_THREADS
libgomp: Invalid value for environment variable OMP_NUM_THREADS
libibverbs: Warning: couldn't load driver 'mlx5': /usr/lib64/libmlx5-rdmav2.so: symbol ibv_cmd_create_qp_ex, version IBVERBS_1.1 not defined in file libibverbs.so.1 with link time reference
libibverbs: Warning: couldn't load driver 'mlx5': /usr/lib64/libmlx5-rdmav2.so: symbol ibv_cmd_create_qp_ex, version IBVERBS_1.1 not defined in file libibverbs.so.1 with link time reference
libibverbs: Warning: couldn't load driver 'mlx5': /usr/lib64/libmlx5-rdmav2.so: symbol ibv_cmd_create_qp_ex, version IBVERBS_1.1 not defined in file libibverbs.so.1 with link time reference
--------------------------------------------------------------------------
WARNING: There is at least non-excluded one OpenFabrics device found,
but there are no active ports detected (or Open MPI was unable to use
them).  This is most certainly not what you wanted.  Check your
cables, subnet manager configuration, etc.  The openib BTL will be
ignored for this job.

  Local host: padufc42
--------------------------------------------------------------------------
--------------------------------------------------------------------------
WARNING: There is at least non-excluded one OpenFabrics device found,
but there are no active ports detected (or Open MPI was unable to use
them).  This is most certainly not what you wanted.  Check your
cables, subnet manager configuration, etc.  The openib BTL will be
ignored for this job.

  Local host: padufc42
--------------------------------------------------------------------------
--------------------------------------------------------------------------
WARNING: There is at least non-excluded one OpenFabrics device found,
but there are no active ports detected (or Open MPI was unable to use
them).  This is most certainly not what you wanted.  Check your
cables, subnet manager configuration, etc.  The openib BTL will be
ignored for this job.

  Local host: padufc42
--------------------------------------------------------------------------
--------------------------------------------------------------------------
WARNING: There is at least non-excluded one OpenFabrics device found,
but there are no active ports detected (or Open MPI was unable to use
them).  This is most certainly not what you wanted.  Check your
cables, subnet manager configuration, etc.  The openib BTL will be
ignored for this job.

  Local host: padufc40
--------------------------------------------------------------------------
--------------------------------------------------------------------------
WARNING: There is at least non-excluded one OpenFabrics device found,
but there are no active ports detected (or Open MPI was unable to use
them).  This is most certainly not what you wanted.  Check your
cables, subnet manager configuration, etc.  The openib BTL will be
ignored for this job.

  Local host: padufc40
--------------------------------------------------------------------------
--------------------------------------------------------------------------
WARNING: There is at least non-excluded one OpenFabrics device found,
but there are no active ports detected (or Open MPI was unable to use
them).  This is most certainly not what you wanted.  Check your
cables, subnet manager configuration, etc.  The openib BTL will be
ignored for this job.

  Local host: padufc40
--------------------------------------------------------------------------
libibverbs: Warning: couldn't load driver 'mlx5': /usr/lib64/libmlx5-rdmav2.so: symbol ibv_cmd_create_qp_ex, version IBVERBS_1.1 not defined in file libibverbs.so.1 with link time reference
libibverbs: Warning: couldn't load driver 'mlx5': /usr/lib64/libmlx5-rdmav2.so: symbol ibv_cmd_create_qp_ex, version IBVERBS_1.1 not defined in file libibverbs.so.1 with link time reference
--------------------------------------------------------------------------
WARNING: There is at least non-excluded one OpenFabrics device found,
but there are no active ports detected (or Open MPI was unable to use
them).  This is most certainly not what you wanted.  Check your
cables, subnet manager configuration, etc.  The openib BTL will be
ignored for this job.

  Local host: padufc41
--------------------------------------------------------------------------
--------------------------------------------------------------------------
WARNING: There is at least non-excluded one OpenFabrics device found,
but there are no active ports detected (or Open MPI was unable to use
them).  This is most certainly not what you wanted.  Check your
cables, subnet manager configuration, etc.  The openib BTL will be
ignored for this job.

  Local host: padufc41
--------------------------------------------------------------------------
--------------------------------------------------------------------------
WARNING: There is at least non-excluded one OpenFabrics device found,
but there are no active ports detected (or Open MPI was unable to use
them).  This is most certainly not what you wanted.  Check your
cables, subnet manager configuration, etc.  The openib BTL will be
ignored for this job.

  Local host: padufc41
--------------------------------------------------------------------------
libibverbs: Warning: couldn't load driver 'mlx5': /usr/lib64/libmlx5-rdmav2.so: symbol ibv_cmd_create_qp_ex, version IBVERBS_1.1 not defined in file libibverbs.so.1 with link time reference
libibverbs: Warning: couldn't load driver 'mlx5': /usr/lib64/libmlx5-rdmav2.so: symbol ibv_cmd_create_qp_ex, version IBVERBS_1.1 not defined in file libibverbs.so.1 with link time reference
libibverbs: Warning: couldn't load driver 'mlx5': /usr/lib64/libmlx5-rdmav2.so: symbol ibv_cmd_create_qp_ex, version IBVERBS_1.1 not defined in file libibverbs.so.1 with link time reference
libibverbs: Warning: couldn't load driver 'mlx5': /usr/lib64/libmlx5-rdmav2.so: symbol ibv_cmd_create_qp_ex, version IBVERBS_1.1 not defined in file libibverbs.so.1 with link time reference
libibverbs: Warning: couldn't load driver 'mlx5': /usr/lib64/libmlx5-rdmav2.so: symbol ibv_cmd_create_qp_ex, version IBVERBS_1.1 not defined in file libibverbs.so.1 with link time reference
libibverbs: Warning: couldn't load driver 'mlx5': /usr/lib64/libmlx5-rdmav2.so: symbol ibv_cmd_create_qp_ex, version IBVERBS_1.1 not defined in file libibverbs.so.1 with link time reference
--------------------------------------------------------------------------
WARNING: There is at least non-excluded one OpenFabrics device found,
but there are no active ports detected (or Open MPI was unable to use
them).  This is most certainly not what you wanted.  Check your
cables, subnet manager configuration, etc.  The openib BTL will be
ignored for this job.

  Local host: padufc40
--------------------------------------------------------------------------
libibverbs: Warning: couldn't load driver 'mlx5': /usr/lib64/libmlx5-rdmav2.so: symbol ibv_cmd_create_qp_ex, version IBVERBS_1.1 not defined in file libibverbs.so.1 with link time reference
--------------------------------------------------------------------------
WARNING: There is at least non-excluded one OpenFabrics device found,
but there are no active ports detected (or Open MPI was unable to use
them).  This is most certainly not what you wanted.  Check your
cables, subnet manager configuration, etc.  The openib BTL will be
ignored for this job.

  Local host: padufc40
--------------------------------------------------------------------------
--------------------------------------------------------------------------
WARNING: There is at least non-excluded one OpenFabrics device found,
but there are no active ports detected (or Open MPI was unable to use
them).  This is most certainly not what you wanted.  Check your
cables, subnet manager configuration, etc.  The openib BTL will be
ignored for this job.

  Local host: padufc40
--------------------------------------------------------------------------
--------------------------------------------------------------------------
WARNING: There is at least non-excluded one OpenFabrics device found,
but there are no active ports detected (or Open MPI was unable to use
them).  This is most certainly not what you wanted.  Check your
cables, subnet manager configuration, etc.  The openib BTL will be
ignored for this job.

  Local host: padufc42
--------------------------------------------------------------------------
--------------------------------------------------------------------------
WARNING: There is at least non-excluded one OpenFabrics device found,
but there are no active ports detected (or Open MPI was unable to use
them).  This is most certainly not what you wanted.  Check your
cables, subnet manager configuration, etc.  The openib BTL will be
ignored for this job.

  Local host: padufc40
--------------------------------------------------------------------------
--------------------------------------------------------------------------
WARNING: There is at least non-excluded one OpenFabrics device found,
but there are no active ports detected (or Open MPI was unable to use
them).  This is most certainly not what you wanted.  Check your
cables, subnet manager configuration, etc.  The openib BTL will be
ignored for this job.

  Local host: padufc40
--------------------------------------------------------------------------
--------------------------------------------------------------------------
WARNING: There is at least non-excluded one OpenFabrics device found,
but there are no active ports detected (or Open MPI was unable to use
them).  This is most certainly not what you wanted.  Check your
cables, subnet manager configuration, etc.  The openib BTL will be
ignored for this job.

  Local host: padufc40
--------------------------------------------------------------------------
--------------------------------------------------------------------------
WARNING: There is at least non-excluded one OpenFabrics device found,
but there are no active ports detected (or Open MPI was unable to use
them).  This is most certainly not what you wanted.  Check your
cables, subnet manager configuration, etc.  The openib BTL will be
ignored for this job.

  Local host: padufc40
--------------------------------------------------------------------------
--------------------------------------------------------------------------
WARNING: There is at least non-excluded one OpenFabrics device found,
but there are no active ports detected (or Open MPI was unable to use
them).  This is most certainly not what you wanted.  Check your
cables, subnet manager configuration, etc.  The openib BTL will be
ignored for this job.

  Local host: padufc40
--------------------------------------------------------------------------
--------------------------------------------------------------------------
WARNING: There is at least non-excluded one OpenFabrics device found,
but there are no active ports detected (or Open MPI was unable to use
them).  This is most certainly not what you wanted.  Check your
cables, subnet manager configuration, etc.  The openib BTL will be
ignored for this job.

  Local host: padufc40
--------------------------------------------------------------------------
--------------------------------------------------------------------------
WARNING: There is at least non-excluded one OpenFabrics device found,
but there are no active ports detected (or Open MPI was unable to use
them).  This is most certainly not what you wanted.  Check your
cables, subnet manager configuration, etc.  The openib BTL will be
ignored for this job.

  Local host: padufc41
--------------------------------------------------------------------------
--------------------------------------------------------------------------
WARNING: There is at least non-excluded one OpenFabrics device found,
but there are no active ports detected (or Open MPI was unable to use
them).  This is most certainly not what you wanted.  Check your
cables, subnet manager configuration, etc.  The openib BTL will be
ignored for this job.

  Local host: padufc41
--------------------------------------------------------------------------
--------------------------------------------------------------------------
WARNING: There is at least non-excluded one OpenFabrics device found,
but there are no active ports detected (or Open MPI was unable to use
them).  This is most certainly not what you wanted.  Check your
cables, subnet manager configuration, etc.  The openib BTL will be
ignored for this job.

  Local host: padufc41
--------------------------------------------------------------------------
--------------------------------------------------------------------------
WARNING: There is at least non-excluded one OpenFabrics device found,
but there are no active ports detected (or Open MPI was unable to use
them).  This is most certainly not what you wanted.  Check your
cables, subnet manager configuration, etc.  The openib BTL will be
ignored for this job.

  Local host: padufc41
--------------------------------------------------------------------------
--------------------------------------------------------------------------
WARNING: There is at least non-excluded one OpenFabrics device found,
but there are no active ports detected (or Open MPI was unable to use
them).  This is most certainly not what you wanted.  Check your
cables, subnet manager configuration, etc.  The openib BTL will be
ignored for this job.

  Local host: padufc41
--------------------------------------------------------------------------
--------------------------------------------------------------------------
WARNING: There is at least non-excluded one OpenFabrics device found,
but there are no active ports detected (or Open MPI was unable to use
them).  This is most certainly not what you wanted.  Check your
cables, subnet manager configuration, etc.  The openib BTL will be
ignored for this job.

  Local host: padufc41
--------------------------------------------------------------------------
--------------------------------------------------------------------------
WARNING: There is at least non-excluded one OpenFabrics device found,
but there are no active ports detected (or Open MPI was unable to use
them).  This is most certainly not what you wanted.  Check your
cables, subnet manager configuration, etc.  The openib BTL will be
ignored for this job.

  Local host: padufc41
--------------------------------------------------------------------------
--------------------------------------------------------------------------
WARNING: There is at least non-excluded one OpenFabrics device found,
but there are no active ports detected (or Open MPI was unable to use
them).  This is most certainly not what you wanted.  Check your
cables, subnet manager configuration, etc.  The openib BTL will be
ignored for this job.

  Local host: padufc41
--------------------------------------------------------------------------
--------------------------------------------------------------------------
WARNING: There is at least non-excluded one OpenFabrics device found,
but there are no active ports detected (or Open MPI was unable to use
them).  This is most certainly not what you wanted.  Check your
cables, subnet manager configuration, etc.  The openib BTL will be
ignored for this job.

  Local host: padufc42
--------------------------------------------------------------------------
--------------------------------------------------------------------------
WARNING: There is at least non-excluded one OpenFabrics device found,
but there are no active ports detected (or Open MPI was unable to use
them).  This is most certainly not what you wanted.  Check your
cables, subnet manager configuration, etc.  The openib BTL will be
ignored for this job.

  Local host: padufc42
--------------------------------------------------------------------------
--------------------------------------------------------------------------
WARNING: There is at least non-excluded one OpenFabrics device found,
but there are no active ports detected (or Open MPI was unable to use
them).  This is most certainly not what you wanted.  Check your
cables, subnet manager configuration, etc.  The openib BTL will be
ignored for this job.

  Local host: padufc42
--------------------------------------------------------------------------
--------------------------------------------------------------------------
WARNING: There is at least non-excluded one OpenFabrics device found,
but there are no active ports detected (or Open MPI was unable to use
them).  This is most certainly not what you wanted.  Check your
cables, subnet manager configuration, etc.  The openib BTL will be
ignored for this job.

  Local host: padufc42
--------------------------------------------------------------------------
--------------------------------------------------------------------------
WARNING: There is at least non-excluded one OpenFabrics device found,
but there are no active ports detected (or Open MPI was unable to use
them).  This is most certainly not what you wanted.  Check your
cables, subnet manager configuration, etc.  The openib BTL will be
ignored for this job.

  Local host: padufc42
--------------------------------------------------------------------------
--------------------------------------------------------------------------
WARNING: There is at least non-excluded one OpenFabrics device found,
but there are no active ports detected (or Open MPI was unable to use
them).  This is most certainly not what you wanted.  Check your
cables, subnet manager configuration, etc.  The openib BTL will be
ignored for this job.

  Local host: padufc42
--------------------------------------------------------------------------
--------------------------------------------------------------------------
WARNING: There is at least non-excluded one OpenFabrics device found,
but there are no active ports detected (or Open MPI was unable to use
them).  This is most certainly not what you wanted.  Check your
cables, subnet manager configuration, etc.  The openib BTL will be
ignored for this job.

  Local host: padufc42
--------------------------------------------------------------------------
--------------------------------------------------------------------------
WARNING: There is at least non-excluded one OpenFabrics device found,
but there are no active ports detected (or Open MPI was unable to use
them).  This is most certainly not what you wanted.  Check your
cables, subnet manager configuration, etc.  The openib BTL will be
ignored for this job.

  Local host: padufc42
--------------------------------------------------------------------------
--------------------------------------------------------------------------
WARNING: There is at least non-excluded one OpenFabrics device found,
but there are no active ports detected (or Open MPI was unable to use
them).  This is most certainly not what you wanted.  Check your
cables, subnet manager configuration, etc.  The openib BTL will be
ignored for this job.

  Local host: padufc41
--------------------------------------------------------------------------
#elements_ruapehu_n.process__passo_1_rank_6
6747
#nodes_ruapehu_n.process__passo_1_rank_6
3879
Erro do processo 6 no passo 0 = 2.11186
Erro do processo 6 no passo 1 = 1.85412
INIT >> ANÁLISE DOS ELEMENTOS DA MALHA GERADA
END >> ANÁLISE DOS ELEMENTOS DA MALHA GERADA
INIT >> ANÁLISE DOS ELEMENTOS DA MALHA GERADA
END >> ANÁLISE DOS ELEMENTOS DA MALHA GERADA

Tempo do processo 6
0
0.000267
0.126668
0.225303
0.239393
0.000571
0.130094
198.231
198.953
Método do processo 6 com 1 thread(s) finalizado com Sucesso!
#elements_ruapehu_n.process__passo_1_rank_3
6831
#nodes_ruapehu_n.process__passo_1_rank_3
3942
Erro do processo 3 no passo 0 = 2.39766
Erro do processo 3 no passo 1 = 1.85198
INIT >> ANÁLISE DOS ELEMENTOS DA MALHA GERADA
END >> ANÁLISE DOS ELEMENTOS DA MALHA GERADA
INIT >> ANÁLISE DOS ELEMENTOS DA MALHA GERADA
END >> ANÁLISE DOS ELEMENTOS DA MALHA GERADA

Tempo do processo 3
0
0.000281
0.12926
0.234275
0.242383
0.000586
0.140019
198.219
198.966
Método do processo 3 com 1 thread(s) finalizado com Sucesso!
#elements_ruapehu_n.process__passo_1_rank_9
7037
#nodes_ruapehu_n.process__passo_1_rank_9
4058
Erro do processo 9 no passo 0 = 2.33433
Erro do processo 9 no passo 1 = 2.07823
INIT >> ANÁLISE DOS ELEMENTOS DA MALHA GERADA
END >> ANÁLISE DOS ELEMENTOS DA MALHA GERADA
INIT >> ANÁLISE DOS ELEMENTOS DA MALHA GERADA
END >> ANÁLISE DOS ELEMENTOS DA MALHA GERADA

Tempo do processo 9
0
0.000296
0.130066
0.240293
0.273108
0.000633
0.104602
198.241
198.99
Método do processo 9 com 1 thread(s) finalizado com Sucesso!
#elements_ruapehu_n.process__passo_1_rank_35
7325
#nodes_ruapehu_n.process__passo_1_rank_35
4222
Erro do processo 35 no passo 0 = 2.36825
Erro do processo 35 no passo 1 = 1.70416
INIT >> ANÁLISE DOS ELEMENTOS DA MALHA GERADA
END >> ANÁLISE DOS ELEMENTOS DA MALHA GERADA
INIT >> ANÁLISE DOS ELEMENTOS DA MALHA GERADA
END >> ANÁLISE DOS ELEMENTOS DA MALHA GERADA

Tempo do processo 35
0
0.000316
0.14419
0.246202
0.277692
0.00067
0.03082
198.33
199.03
Método do processo 35 com 1 thread(s) finalizado com Sucesso!
Qua Jun 23 08:56:25 -03 2021

libgomp: Invalid value for environment variable OMP_NUM_THREADS

libgomp: Invalid value for environment variable OMP_NUM_THREADS

libgomp: Invalid value for environment variable OMP_NUM_THREADS

libgomp: Invalid value for environment variable OMP_NUM_THREADS


libgomp: Invalid value for environment variable OMP_NUM_THREADS

libgomp: Invalid value for environment variable OMP_NUM_THREADS

libgomp: Invalid value for environment variable OMP_NUM_THREADS

libgomp: Invalid value for environment variable OMP_NUM_THREADS

libgomp: Invalid value for environment variable OMP_NUM_THREADS

libgomp: Invalid value for environment variable OMP_NUM_THREADS

libgomp: Invalid value for environment variable OMP_NUM_THREADS

libgomp: Invalid value for environment variable OMP_NUM_THREADS

libgomp: Invalid value for environment variable OMP_NUM_THREADS
libgomp: Invalid value for environment variable OMP_NUM_THREADS


libgomp: Invalid value for environment variable OMP_NUM_THREADS
libgomp: Invalid value for environment variable OMP_NUM_THREADS


libgomp: Invalid value for environment variable OMP_NUM_THREADS
libgomp: Invalid value for environment variable OMP_NUM_THREADS

libgomp: Invalid value for environment variable OMP_NUM_THREADS

libgomp: Invalid value for environment variable OMP_NUM_THREADS

libgomp: Invalid value for environment variable OMP_NUM_THREADS

libgomp: Invalid value for environment variable OMP_NUM_THREADS

libgomp: Invalid value for environment variable OMP_NUM_THREADS


libgomp: Invalid value for environment variable OMP_NUM_THREADS
libgomp: Invalid value for environment variable OMP_NUM_THREADS

libgomp: Invalid value for environment variable OMP_NUM_THREADS

libgomp: Invalid value for environment variable OMP_NUM_THREADS


libgomp: Invalid value for environment variable OMP_NUM_THREADS

libgomp: Invalid value for environment variable OMP_NUM_THREADS
libgomp: Invalid value for environment variable OMP_NUM_THREADS

libgomp: Invalid value for environment variable OMP_NUM_THREADS

libgomp: Invalid value for environment variable OMP_NUM_THREADS


libgomp: Invalid value for environment variable OMP_NUM_THREADS

libgomp: Invalid value for environment variable OMP_NUM_THREADS

libgomp: Invalid value for environment variable OMP_NUM_THREADS
libgomp: Invalid value for environment variable OMP_NUM_THREADS
--------------------------------------------------------------------------
WARNING: There is at least non-excluded one OpenFabrics device found,
but there are no active ports detected (or Open MPI was unable to use
them).  This is most certainly not what you wanted.  Check your
cables, subnet manager configuration, etc.  The openib BTL will be
ignored for this job.

  Local host: padufc47
--------------------------------------------------------------------------
--------------------------------------------------------------------------
WARNING: There is at least non-excluded one OpenFabrics device found,
but there are no active ports detected (or Open MPI was unable to use
them).  This is most certainly not what you wanted.  Check your
cables, subnet manager configuration, etc.  The openib BTL will be
ignored for this job.

  Local host: padufc47
--------------------------------------------------------------------------
--------------------------------------------------------------------------
WARNING: There is at least non-excluded one OpenFabrics device found,
but there are no active ports detected (or Open MPI was unable to use
them).  This is most certainly not what you wanted.  Check your
cables, subnet manager configuration, etc.  The openib BTL will be
ignored for this job.

  Local host: padufc47
--------------------------------------------------------------------------
--------------------------------------------------------------------------
WARNING: There is at least non-excluded one OpenFabrics device found,
but there are no active ports detected (or Open MPI was unable to use
them).  This is most certainly not what you wanted.  Check your
cables, subnet manager configuration, etc.  The openib BTL will be
ignored for this job.

  Local host: padufc27
--------------------------------------------------------------------------
--------------------------------------------------------------------------
WARNING: There is at least non-excluded one OpenFabrics device found,
but there are no active ports detected (or Open MPI was unable to use
them).  This is most certainly not what you wanted.  Check your
cables, subnet manager configuration, etc.  The openib BTL will be
ignored for this job.

  Local host: padufc27
--------------------------------------------------------------------------
--------------------------------------------------------------------------
WARNING: There is at least non-excluded one OpenFabrics device found,
but there are no active ports detected (or Open MPI was unable to use
them).  This is most certainly not what you wanted.  Check your
cables, subnet manager configuration, etc.  The openib BTL will be
ignored for this job.

  Local host: padufc27
--------------------------------------------------------------------------
--------------------------------------------------------------------------
WARNING: There is at least non-excluded one OpenFabrics device found,
but there are no active ports detected (or Open MPI was unable to use
them).  This is most certainly not what you wanted.  Check your
cables, subnet manager configuration, etc.  The openib BTL will be
ignored for this job.

  Local host: padufc27
--------------------------------------------------------------------------
--------------------------------------------------------------------------
WARNING: There is at least non-excluded one OpenFabrics device found,
but there are no active ports detected (or Open MPI was unable to use
them).  This is most certainly not what you wanted.  Check your
cables, subnet manager configuration, etc.  The openib BTL will be
ignored for this job.

  Local host: padufc27
--------------------------------------------------------------------------
--------------------------------------------------------------------------
WARNING: There is at least non-excluded one OpenFabrics device found,
but there are no active ports detected (or Open MPI was unable to use
them).  This is most certainly not what you wanted.  Check your
cables, subnet manager configuration, etc.  The openib BTL will be
ignored for this job.

  Local host: padufc27
--------------------------------------------------------------------------
--------------------------------------------------------------------------
WARNING: There is at least non-excluded one OpenFabrics device found,
but there are no active ports detected (or Open MPI was unable to use
them).  This is most certainly not what you wanted.  Check your
cables, subnet manager configuration, etc.  The openib BTL will be
ignored for this job.

  Local host: padufc27
--------------------------------------------------------------------------
--------------------------------------------------------------------------
WARNING: There is at least non-excluded one OpenFabrics device found,
but there are no active ports detected (or Open MPI was unable to use
them).  This is most certainly not what you wanted.  Check your
cables, subnet manager configuration, etc.  The openib BTL will be
ignored for this job.

  Local host: padufc27
--------------------------------------------------------------------------
--------------------------------------------------------------------------
WARNING: There is at least non-excluded one OpenFabrics device found,
but there are no active ports detected (or Open MPI was unable to use
them).  This is most certainly not what you wanted.  Check your
cables, subnet manager configuration, etc.  The openib BTL will be
ignored for this job.

  Local host: padufc27
--------------------------------------------------------------------------
--------------------------------------------------------------------------
WARNING: There is at least non-excluded one OpenFabrics device found,
but there are no active ports detected (or Open MPI was unable to use
them).  This is most certainly not what you wanted.  Check your
cables, subnet manager configuration, etc.  The openib BTL will be
ignored for this job.

  Local host: padufc27
--------------------------------------------------------------------------
--------------------------------------------------------------------------
WARNING: There is at least non-excluded one OpenFabrics device found,
but there are no active ports detected (or Open MPI was unable to use
them).  This is most certainly not what you wanted.  Check your
cables, subnet manager configuration, etc.  The openib BTL will be
ignored for this job.

  Local host: padufc27
--------------------------------------------------------------------------
--------------------------------------------------------------------------
WARNING: There is at least non-excluded one OpenFabrics device found,
but there are no active ports detected (or Open MPI was unable to use
them).  This is most certainly not what you wanted.  Check your
cables, subnet manager configuration, etc.  The openib BTL will be
ignored for this job.

  Local host: padufc27
--------------------------------------------------------------------------
--------------------------------------------------------------------------
WARNING: There is at least non-excluded one OpenFabrics device found,
but there are no active ports detected (or Open MPI was unable to use
them).  This is most certainly not what you wanted.  Check your
cables, subnet manager configuration, etc.  The openib BTL will be
ignored for this job.

  Local host: padufc41
--------------------------------------------------------------------------
--------------------------------------------------------------------------
WARNING: There is at least non-excluded one OpenFabrics device found,
but there are no active ports detected (or Open MPI was unable to use
them).  This is most certainly not what you wanted.  Check your
cables, subnet manager configuration, etc.  The openib BTL will be
ignored for this job.

  Local host: padufc41
--------------------------------------------------------------------------
--------------------------------------------------------------------------
WARNING: There is at least non-excluded one OpenFabrics device found,
but there are no active ports detected (or Open MPI was unable to use
them).  This is most certainly not what you wanted.  Check your
cables, subnet manager configuration, etc.  The openib BTL will be
ignored for this job.

  Local host: padufc41
--------------------------------------------------------------------------
--------------------------------------------------------------------------
WARNING: There is at least non-excluded one OpenFabrics device found,
but there are no active ports detected (or Open MPI was unable to use
them).  This is most certainly not what you wanted.  Check your
cables, subnet manager configuration, etc.  The openib BTL will be
ignored for this job.

  Local host: padufc47
--------------------------------------------------------------------------
--------------------------------------------------------------------------
WARNING: There is at least non-excluded one OpenFabrics device found,
but there are no active ports detected (or Open MPI was unable to use
them).  This is most certainly not what you wanted.  Check your
cables, subnet manager configuration, etc.  The openib BTL will be
ignored for this job.

  Local host: padufc47
--------------------------------------------------------------------------
--------------------------------------------------------------------------
WARNING: There is at least non-excluded one OpenFabrics device found,
but there are no active ports detected (or Open MPI was unable to use
them).  This is most certainly not what you wanted.  Check your
cables, subnet manager configuration, etc.  The openib BTL will be
ignored for this job.

  Local host: padufc47
--------------------------------------------------------------------------
--------------------------------------------------------------------------
WARNING: There is at least non-excluded one OpenFabrics device found,
but there are no active ports detected (or Open MPI was unable to use
them).  This is most certainly not what you wanted.  Check your
cables, subnet manager configuration, etc.  The openib BTL will be
ignored for this job.

  Local host: padufc47
--------------------------------------------------------------------------
--------------------------------------------------------------------------
WARNING: There is at least non-excluded one OpenFabrics device found,
but there are no active ports detected (or Open MPI was unable to use
them).  This is most certainly not what you wanted.  Check your
cables, subnet manager configuration, etc.  The openib BTL will be
ignored for this job.

  Local host: padufc47
--------------------------------------------------------------------------
--------------------------------------------------------------------------
WARNING: There is at least non-excluded one OpenFabrics device found,
but there are no active ports detected (or Open MPI was unable to use
them).  This is most certainly not what you wanted.  Check your
cables, subnet manager configuration, etc.  The openib BTL will be
ignored for this job.

  Local host: padufc41
--------------------------------------------------------------------------
--------------------------------------------------------------------------
WARNING: There is at least non-excluded one OpenFabrics device found,
but there are no active ports detected (or Open MPI was unable to use
them).  This is most certainly not what you wanted.  Check your
cables, subnet manager configuration, etc.  The openib BTL will be
ignored for this job.

  Local host: padufc47
--------------------------------------------------------------------------
--------------------------------------------------------------------------
WARNING: There is at least non-excluded one OpenFabrics device found,
but there are no active ports detected (or Open MPI was unable to use
them).  This is most certainly not what you wanted.  Check your
cables, subnet manager configuration, etc.  The openib BTL will be
ignored for this job.

  Local host: padufc47
--------------------------------------------------------------------------
--------------------------------------------------------------------------
WARNING: There is at least non-excluded one OpenFabrics device found,
but there are no active ports detected (or Open MPI was unable to use
them).  This is most certainly not what you wanted.  Check your
cables, subnet manager configuration, etc.  The openib BTL will be
ignored for this job.

  Local host: padufc47
--------------------------------------------------------------------------
--------------------------------------------------------------------------
WARNING: There is at least non-excluded one OpenFabrics device found,
but there are no active ports detected (or Open MPI was unable to use
them).  This is most certainly not what you wanted.  Check your
cables, subnet manager configuration, etc.  The openib BTL will be
ignored for this job.

  Local host: padufc47
--------------------------------------------------------------------------
--------------------------------------------------------------------------
WARNING: There is at least non-excluded one OpenFabrics device found,
but there are no active ports detected (or Open MPI was unable to use
them).  This is most certainly not what you wanted.  Check your
cables, subnet manager configuration, etc.  The openib BTL will be
ignored for this job.

  Local host: padufc41
--------------------------------------------------------------------------
--------------------------------------------------------------------------
WARNING: There is at least non-excluded one OpenFabrics device found,
but there are no active ports detected (or Open MPI was unable to use
them).  This is most certainly not what you wanted.  Check your
cables, subnet manager configuration, etc.  The openib BTL will be
ignored for this job.

  Local host: padufc41
--------------------------------------------------------------------------
--------------------------------------------------------------------------
WARNING: There is at least non-excluded one OpenFabrics device found,
but there are no active ports detected (or Open MPI was unable to use
them).  This is most certainly not what you wanted.  Check your
cables, subnet manager configuration, etc.  The openib BTL will be
ignored for this job.

  Local host: padufc41
--------------------------------------------------------------------------
--------------------------------------------------------------------------
WARNING: There is at least non-excluded one OpenFabrics device found,
but there are no active ports detected (or Open MPI was unable to use
them).  This is most certainly not what you wanted.  Check your
cables, subnet manager configuration, etc.  The openib BTL will be
ignored for this job.

  Local host: padufc41
--------------------------------------------------------------------------
--------------------------------------------------------------------------
WARNING: There is at least non-excluded one OpenFabrics device found,
but there are no active ports detected (or Open MPI was unable to use
them).  This is most certainly not what you wanted.  Check your
cables, subnet manager configuration, etc.  The openib BTL will be
ignored for this job.

  Local host: padufc41
--------------------------------------------------------------------------
--------------------------------------------------------------------------
WARNING: There is at least non-excluded one OpenFabrics device found,
but there are no active ports detected (or Open MPI was unable to use
them).  This is most certainly not what you wanted.  Check your
cables, subnet manager configuration, etc.  The openib BTL will be
ignored for this job.

  Local host: padufc41
--------------------------------------------------------------------------
--------------------------------------------------------------------------
WARNING: There is at least non-excluded one OpenFabrics device found,
but there are no active ports detected (or Open MPI was unable to use
them).  This is most certainly not what you wanted.  Check your
cables, subnet manager configuration, etc.  The openib BTL will be
ignored for this job.

  Local host: padufc41
--------------------------------------------------------------------------
--------------------------------------------------------------------------
WARNING: There is at least non-excluded one OpenFabrics device found,
but there are no active ports detected (or Open MPI was unable to use
them).  This is most certainly not what you wanted.  Check your
cables, subnet manager configuration, etc.  The openib BTL will be
ignored for this job.

  Local host: padufc41
--------------------------------------------------------------------------
#elements_ruapehu_n.process__passo_1_rank_3
#elements_ruapehu_n.process__passo_1_rank_6
#elements_ruapehu_n.process__passo_1_rank_9
7037
#nodes_ruapehu_n.process__passo_1_rank_9
4058
Erro do processo 9 no passo 0 = 2.33433
Erro do processo 9 no passo 1 = 2.07823
INIT >> ANÁLISE DOS ELEMENTOS DA MALHA GERADA
6747
#nodes_ruapehu_n.process__passo_1_rank_6
3879
Erro do processo 6 no passo 0 = 2.11186
Erro do processo 6 no passo 1 = 1.85412
INIT >> ANÁLISE DOS ELEMENTOS DA MALHA GERADA
6831
#nodes_ruapehu_n.process__passo_1_rank_3
3942
Erro do processo 3 no passo 0 = 2.39766
Erro do processo 3 no passo 1 = 1.85198
INIT >> ANÁLISE DOS ELEMENTOS DA MALHA GERADA
END >> ANÁLISE DOS ELEMENTOS DA MALHA GERADA
INIT >> ANÁLISE DOS ELEMENTOS DA MALHA GERADA
#elements_ruapehu_n.process__passo_1_rank_35
7325
#nodes_ruapehu_n.process__passo_1_rank_35
4222
Erro do processo 35 no passo 0 = 2.36825
Erro do processo 35 no passo 1 = 1.70416
INIT >> ANÁLISE DOS ELEMENTOS DA MALHA GERADA
END >> ANÁLISE DOS ELEMENTOS DA MALHA GERADA
INIT >> ANÁLISE DOS ELEMENTOS DA MALHA GERADA
END >> ANÁLISE DOS ELEMENTOS DA MALHA GERADA

Tempo do processo 35
0
0.000294
0.143117
0.243923
0.260418
0.00065
0.020774
196.875
197.544
Método do processo 35 com 1 thread(s) finalizado com Sucesso!
END >> ANÁLISE DOS ELEMENTOS DA MALHA GERADA
INIT >> ANÁLISE DOS ELEMENTOS DA MALHA GERADA
END >> ANÁLISE DOS ELEMENTOS DA MALHA GERADA
INIT >> ANÁLISE DOS ELEMENTOS DA MALHA GERADA
END >> ANÁLISE DOS ELEMENTOS DA MALHA GERADA

Tempo do processo 3
0
0.00028
0.129269
0.225217
0.257618
0.000573
1.38916
195.547
197.549
Método do processo 3 com 1 thread(s) finalizado com Sucesso!
END >> ANÁLISE DOS ELEMENTOS DA MALHA GERADA

Tempo do processo 6
0
0.00027
0.125854
0.234443
0.260955
0.000612
1.37077
195.557
197.55
Método do processo 6 com 1 thread(s) finalizado com Sucesso!
END >> ANÁLISE DOS ELEMENTOS DA MALHA GERADA

Tempo do processo 9
0
0.000297
0.130018
0.234704
0.256504
0.000728
1.37025
195.558
197.55
Método do processo 9 com 1 thread(s) finalizado com Sucesso!
srun: Job step aborted: Waiting up to 2 seconds for job step to finish.
slurmd[padufc27]: *** STEP 118095.3 CANCELLED AT 2021-06-23T18:52:30 DUE TO TIME LIMIT ***
srun: got SIGCONT
srun: forcing job termination
