Seg Jun 21 13:33:57 -03 2021
slurmd[padufc34]: execve(): ./apMesh: No such file or directory
srun: error: padufc34: task 0: Exited with exit code 2
Seg Jun 21 13:33:57 -03 2021
Seg Jun 21 22:11:57 -03 2021

libgomp: Invalid value for environment variable OMP_NUM_THREADS
libibverbs: Warning: couldn't load driver 'mlx5': /usr/lib64/libmlx5-rdmav2.so: symbol ibv_cmd_create_qp_ex, version IBVERBS_1.1 not defined in file libibverbs.so.1 with link time reference
--------------------------------------------------------------------------
WARNING: There is at least non-excluded one OpenFabrics device found,
but there are no active ports detected (or Open MPI was unable to use
them).  This is most certainly not what you wanted.  Check your
cables, subnet manager configuration, etc.  The openib BTL will be
ignored for this job.

  Local host: padufc40
--------------------------------------------------------------------------
#elements_ruapehu_n.process__passo_2_rank_0
10740037
#nodes_ruapehu_n.process__passo_2_rank_0
5541427
Erro do processo 0 no passo 0 = 704.889
Erro do processo 0 no passo 1 = 12.3924
Erro do processo 0 no passo 2 = 1.14812
INIT >> ANÁLISE DOS ELEMENTOS DA MALHA GERADA
END >> ANÁLISE DOS ELEMENTOS DA MALHA GERADA
INIT >> ANÁLISE DOS ELEMENTOS DA MALHA GERADA
END >> ANÁLISE DOS ELEMENTOS DA MALHA GERADA
INIT >> ANÁLISE DOS ELEMENTOS DA MALHA GERADA
END >> ANÁLISE DOS ELEMENTOS DA MALHA GERADA

Tempo do processo 0
98.0474
0.022324
22.4267
590.248
253.918
0.954029
4.06286
0
969.68
Método do processo 0 com 1 thread(s) finalizado com Sucesso!
Seg Jun 21 22:28:07 -03 2021
