Seg Jun 21 13:36:27 -03 2021
slurmd[padufc34]: execve(): ./apMesh: No such file or directory
slurmd[padufc34]: execve(): ./apMesh: No such file or directory
slurmd[padufc34]: execve(): ./apMesh: No such file or directory
slurmd[padufc34]: execve(): ./apMesh: No such file or directory
slurmd[padufc34]: execve(): ./apMesh: No such file or directory
slurmd[padufc34]: execve(): ./apMesh: No such file or directory
slurmd[padufc34]: execve(): ./apMesh: No such file or directory
slurmd[padufc34]: execve(): ./apMesh: No such file or directory
slurmd[padufc34]: execve(): ./apMesh: No such file or directory
slurmd[padufc34]: execve(): ./apMesh: No such file or directory
srun: error: padufc34: tasks 0-9: Exited with exit code 2
Seg Jun 21 13:36:28 -03 2021
Ter Jun 22 10:11:19 -03 2021

libgomp: Invalid value for environment variable OMP_NUM_THREADS

libgomp: Invalid value for environment variable OMP_NUM_THREADS


libgomp: Invalid value for environment variable OMP_NUM_THREADS
libgomp: Invalid value for environment variable OMP_NUM_THREADS

libgomp: Invalid value for environment variable OMP_NUM_THREADS

libgomp: Invalid value for environment variable OMP_NUM_THREADS

libgomp: Invalid value for environment variable OMP_NUM_THREADS

libgomp: Invalid value for environment variable OMP_NUM_THREADS

libgomp: Invalid value for environment variable OMP_NUM_THREADS

libgomp: Invalid value for environment variable OMP_NUM_THREADS
--------------------------------------------------------------------------
WARNING: There is at least non-excluded one OpenFabrics device found,
but there are no active ports detected (or Open MPI was unable to use
them).  This is most certainly not what you wanted.  Check your
cables, subnet manager configuration, etc.  The openib BTL will be
ignored for this job.

  Local host: padufc42
--------------------------------------------------------------------------
--------------------------------------------------------------------------
WARNING: There is at least non-excluded one OpenFabrics device found,
but there are no active ports detected (or Open MPI was unable to use
them).  This is most certainly not what you wanted.  Check your
cables, subnet manager configuration, etc.  The openib BTL will be
ignored for this job.

  Local host: padufc42
--------------------------------------------------------------------------
--------------------------------------------------------------------------
WARNING: There is at least non-excluded one OpenFabrics device found,
but there are no active ports detected (or Open MPI was unable to use
them).  This is most certainly not what you wanted.  Check your
cables, subnet manager configuration, etc.  The openib BTL will be
ignored for this job.

  Local host: padufc42
--------------------------------------------------------------------------
--------------------------------------------------------------------------
WARNING: There is at least non-excluded one OpenFabrics device found,
but there are no active ports detected (or Open MPI was unable to use
them).  This is most certainly not what you wanted.  Check your
cables, subnet manager configuration, etc.  The openib BTL will be
ignored for this job.

  Local host: padufc42
--------------------------------------------------------------------------
--------------------------------------------------------------------------
WARNING: There is at least non-excluded one OpenFabrics device found,
but there are no active ports detected (or Open MPI was unable to use
them).  This is most certainly not what you wanted.  Check your
cables, subnet manager configuration, etc.  The openib BTL will be
ignored for this job.

  Local host: padufc42
--------------------------------------------------------------------------
--------------------------------------------------------------------------
WARNING: There is at least non-excluded one OpenFabrics device found,
but there are no active ports detected (or Open MPI was unable to use
them).  This is most certainly not what you wanted.  Check your
cables, subnet manager configuration, etc.  The openib BTL will be
ignored for this job.

  Local host: padufc42
--------------------------------------------------------------------------
--------------------------------------------------------------------------
WARNING: There is at least non-excluded one OpenFabrics device found,
but there are no active ports detected (or Open MPI was unable to use
them).  This is most certainly not what you wanted.  Check your
cables, subnet manager configuration, etc.  The openib BTL will be
ignored for this job.

  Local host: padufc42
--------------------------------------------------------------------------
--------------------------------------------------------------------------
WARNING: There is at least non-excluded one OpenFabrics device found,
but there are no active ports detected (or Open MPI was unable to use
them).  This is most certainly not what you wanted.  Check your
cables, subnet manager configuration, etc.  The openib BTL will be
ignored for this job.

  Local host: padufc42
--------------------------------------------------------------------------
--------------------------------------------------------------------------
WARNING: There is at least non-excluded one OpenFabrics device found,
but there are no active ports detected (or Open MPI was unable to use
them).  This is most certainly not what you wanted.  Check your
cables, subnet manager configuration, etc.  The openib BTL will be
ignored for this job.

  Local host: padufc42
--------------------------------------------------------------------------
--------------------------------------------------------------------------
WARNING: There is at least non-excluded one OpenFabrics device found,
but there are no active ports detected (or Open MPI was unable to use
them).  This is most certainly not what you wanted.  Check your
cables, subnet manager configuration, etc.  The openib BTL will be
ignored for this job.

  Local host: padufc42
--------------------------------------------------------------------------
#elements_ruapehu_n.process__passo_2_rank_4
1062852
#nodes_ruapehu_n.process__passo_2_rank_4
548392
Erro do processo 4 no passo 0 = 666.599
Erro do processo 4 no passo 1 = 11.224
Erro do processo 4 no passo 2 = 1.96125
INIT >> ANÁLISE DOS ELEMENTOS DA MALHA GERADA
END >> ANÁLISE DOS ELEMENTOS DA MALHA GERADA
INIT >> ANÁLISE DOS ELEMENTOS DA MALHA GERADA
END >> ANÁLISE DOS ELEMENTOS DA MALHA GERADA
INIT >> ANÁLISE DOS ELEMENTOS DA MALHA GERADA
#elements_ruapehu_n.process__passo_2_rank_7
1063503
#nodes_ruapehu_n.process__passo_2_rank_7
548759
Erro do processo 7 no passo 0 = 697.036
Erro do processo 7 no passo 1 = 12.8221
Erro do processo 7 no passo 2 = 2.30408
INIT >> ANÁLISE DOS ELEMENTOS DA MALHA GERADA
END >> ANÁLISE DOS ELEMENTOS DA MALHA GERADA
INIT >> ANÁLISE DOS ELEMENTOS DA MALHA GERADA
END >> ANÁLISE DOS ELEMENTOS DA MALHA GERADA
INIT >> ANÁLISE DOS ELEMENTOS DA MALHA GERADA
END >> ANÁLISE DOS ELEMENTOS DA MALHA GERADA

Tempo do processo 4
0
0.002367
6.30794
67.9276
36.172
0.117622
0.604577
171.638
282.77
Método do processo 4 com 1 thread(s) finalizado com Sucesso!
#elements_ruapehu_n.process__passo_2_rank_9
1074745
#nodes_ruapehu_n.process__passo_2_rank_9
554525
Erro do processo 9 no passo 0 = 730.32
Erro do processo 9 no passo 1 = 12.3979
Erro do processo 9 no passo 2 = 2.31077
INIT >> ANÁLISE DOS ELEMENTOS DA MALHA GERADA
END >> ANÁLISE DOS ELEMENTOS DA MALHA GERADA
INIT >> ANÁLISE DOS ELEMENTOS DA MALHA GERADA
END >> ANÁLISE DOS ELEMENTOS DA MALHA GERADA
INIT >> ANÁLISE DOS ELEMENTOS DA MALHA GERADA
END >> ANÁLISE DOS ELEMENTOS DA MALHA GERADA

Tempo do processo 7
0
0.002313
6.41571
67.8996
36.1664
0.123839
0.771905
171.649
283.029
Método do processo 7 com 1 thread(s) finalizado com Sucesso!
END >> ANÁLISE DOS ELEMENTOS DA MALHA GERADA

Tempo do processo 9
0
0.002172
7.1069
68.0801
35.4166
0.119861
0.718475
171.662
283.106
Método do processo 9 com 1 thread(s) finalizado com Sucesso!
#elements_ruapehu_n.process__passo_2_rank_1
1059002
#nodes_ruapehu_n.process__passo_2_rank_1
546462
Erro do processo 1 no passo 0 = 720.244
Erro do processo 1 no passo 1 = 11.8842
Erro do processo 1 no passo 2 = 2.32527
INIT >> ANÁLISE DOS ELEMENTOS DA MALHA GERADA
END >> ANÁLISE DOS ELEMENTOS DA MALHA GERADA
INIT >> ANÁLISE DOS ELEMENTOS DA MALHA GERADA
END >> ANÁLISE DOS ELEMENTOS DA MALHA GERADA
INIT >> ANÁLISE DOS ELEMENTOS DA MALHA GERADA
END >> ANÁLISE DOS ELEMENTOS DA MALHA GERADA

Tempo do processo 1
0
0.002205
6.32861
69.6025
35.1935
0.179488
0.723168
171.636
283.665
Método do processo 1 com 1 thread(s) finalizado com Sucesso!
#elements_ruapehu_n.process__passo_2_rank_5
1096929
#nodes_ruapehu_n.process__passo_2_rank_5
565901
Erro do processo 5 no passo 0 = 745.481
Erro do processo 5 no passo 1 = 12.5522
Erro do processo 5 no passo 2 = 2.19045
INIT >> ANÁLISE DOS ELEMENTOS DA MALHA GERADA
END >> ANÁLISE DOS ELEMENTOS DA MALHA GERADA
INIT >> ANÁLISE DOS ELEMENTOS DA MALHA GERADA
END >> ANÁLISE DOS ELEMENTOS DA MALHA GERADA
INIT >> ANÁLISE DOS ELEMENTOS DA MALHA GERADA
END >> ANÁLISE DOS ELEMENTOS DA MALHA GERADA

Tempo do processo 5
0
0.002199
6.49168
70.7742
34.7764
0.126253
0.780077
171.638
284.589
Método do processo 5 com 1 thread(s) finalizado com Sucesso!
#elements_ruapehu_n.process__passo_2_rank_3
1075302
#nodes_ruapehu_n.process__passo_2_rank_3
554828
Erro do processo 3 no passo 0 = 715.186
Erro do processo 3 no passo 1 = 12.0796
Erro do processo 3 no passo 2 = 2.05734
INIT >> ANÁLISE DOS ELEMENTOS DA MALHA GERADA
END >> ANÁLISE DOS ELEMENTOS DA MALHA GERADA
INIT >> ANÁLISE DOS ELEMENTOS DA MALHA GERADA
END >> ANÁLISE DOS ELEMENTOS DA MALHA GERADA
INIT >> ANÁLISE DOS ELEMENTOS DA MALHA GERADA
END >> ANÁLISE DOS ELEMENTOS DA MALHA GERADA

Tempo do processo 3
0
0.002371
6.10981
69.536
37.7659
0.149613
0.430404
171.637
285.632
Método do processo 3 com 1 thread(s) finalizado com Sucesso!
srun: Job step aborted: Waiting up to 2 seconds for job step to finish.
slurmd[padufc42]: *** STEP 118137.1 CANCELLED AT 2021-06-22T20:08:38 DUE TO TIME LIMIT ***
srun: got SIGCONT
srun: forcing job termination
