Seg Jun 21 13:33:57 -03 2021
slurmd[padufc34]: execve(): ./apMesh: No such file or directory
srun: error: padufc34: task 0: Exited with exit code 2
Seg Jun 21 13:33:57 -03 2021
--------------------------------------------------------------------------
PMI2 initialized but returned bad values for size and rank.
This is symptomatic of either a failure to use the
"--mpi=pmi2" flag in SLURM, or a borked PMI2 installation.
If running under SLURM, try adding "-mpi=pmi2" to your
srun command line. If that doesn't work, or if you are
not running under SLURM, try removing or renaming the
pmi2.h header file so PMI2 support will not automatically
be built, reconfigure and build OMPI, and then try again
with only PMI1 support enabled.
--------------------------------------------------------------------------
[padufc0:01200] 1 more process has sent help message help-common-pmi.txt / pmi2-init-returned-bad-values
[padufc0:01200] Set MCA parameter "orte_base_help_aggregate" to 0 to see all help / error messages
Seg Jun 21 22:09:27 -03 2021

libgomp: Invalid value for environment variable OMP_NUM_THREADS
libibverbs: Warning: couldn't load driver 'mlx5': /usr/lib64/libmlx5-rdmav2.so: symbol ibv_cmd_create_qp_ex, version IBVERBS_1.1 not defined in file libibverbs.so.1 with link time reference
--------------------------------------------------------------------------
WARNING: There is at least non-excluded one OpenFabrics device found,
but there are no active ports detected (or Open MPI was unable to use
them).  This is most certainly not what you wanted.  Check your
cables, subnet manager configuration, etc.  The openib BTL will be
ignored for this job.

  Local host: padufc40
--------------------------------------------------------------------------
#elements_rainier_n.process__passo_1_rank_0
601338
#nodes_rainier_n.process__passo_1_rank_0
348586
Erro do processo 0 no passo 0 = 65.8907
Erro do processo 0 no passo 1 = 1.14977
INIT >> ANÁLISE DOS ELEMENTOS DA MALHA GERADA
END >> ANÁLISE DOS ELEMENTOS DA MALHA GERADA
INIT >> ANÁLISE DOS ELEMENTOS DA MALHA GERADA
END >> ANÁLISE DOS ELEMENTOS DA MALHA GERADA

Tempo do processo 0
116.86
0.023607
3.46022
10.6072
16.3102
0.059152
2.1188
0
149.439
Método do processo 0 com 1 thread(s) finalizado com Sucesso!
Seg Jun 21 22:11:57 -03 2021
