Seg Jun 21 13:33:57 -03 2021
slurmd[padufc34]: execve(): ./apMesh: No such file or directory
srun: error: padufc34: task 0: Exited with exit code 2
Seg Jun 21 13:33:57 -03 2021
Seg Jun 21 23:01:23 -03 2021

libgomp: Invalid value for environment variable OMP_NUM_THREADS
libibverbs: Warning: couldn't load driver 'mlx5': /usr/lib64/libmlx5-rdmav2.so: symbol ibv_cmd_create_qp_ex, version IBVERBS_1.1 not defined in file libibverbs.so.1 with link time reference
--------------------------------------------------------------------------
WARNING: There is at least non-excluded one OpenFabrics device found,
but there are no active ports detected (or Open MPI was unable to use
them).  This is most certainly not what you wanted.  Check your
cables, subnet manager configuration, etc.  The openib BTL will be
ignored for this job.

  Local host: padufc40
--------------------------------------------------------------------------
#elements_ruapehu_nivel_1_n.process__passo_2_rank_0
42577744
#nodes_ruapehu_nivel_1_n.process__passo_2_rank_0
21964986
Erro do processo 0 no passo 0 = 254.118
Erro do processo 0 no passo 1 = 3.38205
Erro do processo 0 no passo 2 = 0.260625
INIT >> ANÁLISE DOS ELEMENTOS DA MALHA GERADA
END >> ANÁLISE DOS ELEMENTOS DA MALHA GERADA
INIT >> ANÁLISE DOS ELEMENTOS DA MALHA GERADA
END >> ANÁLISE DOS ELEMENTOS DA MALHA GERADA
INIT >> ANÁLISE DOS ELEMENTOS DA MALHA GERADA
END >> ANÁLISE DOS ELEMENTOS DA MALHA GERADA

Tempo do processo 0
1404.46
0.093257
79.5764
3194.63
6099.13
14.4021
1860.51
0
12652.8
Método do processo 0 com 1 thread(s) finalizado com Sucesso!
Ter Jun 22 02:32:20 -03 2021
