Seg Jun 21 13:35:57 -03 2021
slurmd[padufc34]: execve(): ./apMesh: No such file or directory
slurmd[padufc34]: execve(): ./apMesh: No such file or directory
slurmd[padufc34]: execve(): ./apMesh: No such file or directory
slurmd[padufc34]: execve(): ./apMesh: No such file or directory
slurmd[padufc34]: execve(): ./apMesh: No such file or directory
slurmd[padufc34]: execve(): ./apMesh: No such file or directory
slurmd[padufc34]: execve(): ./apMesh: No such file or directory
slurmd[padufc34]: execve(): ./apMesh: No such file or directory
srun: error: padufc34: tasks 0-7: Exited with exit code 2
Seg Jun 21 13:35:57 -03 2021
Ter Jun 22 05:58:32 -03 2021

libgomp: Invalid value for environment variable OMP_NUM_THREADS

libgomp: Invalid value for environment variable OMP_NUM_THREADS


libgomp: Invalid value for environment variable OMP_NUM_THREADS
libgomp: Invalid value for environment variable OMP_NUM_THREADS

libgomp: Invalid value for environment variable OMP_NUM_THREADS

libgomp: Invalid value for environment variable OMP_NUM_THREADS

libgomp: Invalid value for environment variable OMP_NUM_THREADS

libgomp: Invalid value for environment variable OMP_NUM_THREADS
libibverbs: Warning: couldn't load driver 'mlx5': /usr/lib64/libmlx5-rdmav2.so: symbol ibv_cmd_create_qp_ex, version IBVERBS_1.1 not defined in file libibverbs.so.1 with link time reference
libibverbs: Warning: couldn't load driver 'mlx5': /usr/lib64/libmlx5-rdmav2.so: symbol ibv_cmd_create_qp_ex, version IBVERBS_1.1 not defined in file libibverbs.so.1 with link time reference
libibverbs: Warning: couldn't load driver 'mlx5': /usr/lib64/libmlx5-rdmav2.so: symbol ibv_cmd_create_qp_ex, version IBVERBS_1.1 not defined in file libibverbs.so.1 with link time reference
--------------------------------------------------------------------------
WARNING: There is at least non-excluded one OpenFabrics device found,
but there are no active ports detected (or Open MPI was unable to use
them).  This is most certainly not what you wanted.  Check your
cables, subnet manager configuration, etc.  The openib BTL will be
ignored for this job.

  Local host: padufc40
--------------------------------------------------------------------------
--------------------------------------------------------------------------
WARNING: There is at least non-excluded one OpenFabrics device found,
but there are no active ports detected (or Open MPI was unable to use
them).  This is most certainly not what you wanted.  Check your
cables, subnet manager configuration, etc.  The openib BTL will be
ignored for this job.

  Local host: padufc40
--------------------------------------------------------------------------
--------------------------------------------------------------------------
WARNING: There is at least non-excluded one OpenFabrics device found,
but there are no active ports detected (or Open MPI was unable to use
them).  This is most certainly not what you wanted.  Check your
cables, subnet manager configuration, etc.  The openib BTL will be
ignored for this job.

  Local host: padufc40
--------------------------------------------------------------------------
libibverbs: Warning: couldn't load driver 'mlx5': /usr/lib64/libmlx5-rdmav2.so: symbol ibv_cmd_create_qp_ex, version IBVERBS_1.1 not defined in file libibverbs.so.1 with link time reference
--------------------------------------------------------------------------
WARNING: There is at least non-excluded one OpenFabrics device found,
but there are no active ports detected (or Open MPI was unable to use
them).  This is most certainly not what you wanted.  Check your
cables, subnet manager configuration, etc.  The openib BTL will be
ignored for this job.

  Local host: padufc40
--------------------------------------------------------------------------
libibverbs: Warning: couldn't load driver 'mlx5': /usr/lib64/libmlx5-rdmav2.so: symbol ibv_cmd_create_qp_ex, version IBVERBS_1.1 not defined in file libibverbs.so.1 with link time reference
libibverbs: Warning: couldn't load driver 'mlx5': /usr/lib64/libmlx5-rdmav2.so: symbol ibv_cmd_create_qp_ex, version IBVERBS_1.1 not defined in file libibverbs.so.1 with link time reference
libibverbs: Warning: couldn't load driver 'mlx5': /usr/lib64/libmlx5-rdmav2.so: symbol ibv_cmd_create_qp_ex, version IBVERBS_1.1 not defined in file libibverbs.so.1 with link time reference
--------------------------------------------------------------------------
WARNING: There is at least non-excluded one OpenFabrics device found,
but there are no active ports detected (or Open MPI was unable to use
them).  This is most certainly not what you wanted.  Check your
cables, subnet manager configuration, etc.  The openib BTL will be
ignored for this job.

  Local host: padufc40
--------------------------------------------------------------------------
--------------------------------------------------------------------------
WARNING: There is at least non-excluded one OpenFabrics device found,
but there are no active ports detected (or Open MPI was unable to use
them).  This is most certainly not what you wanted.  Check your
cables, subnet manager configuration, etc.  The openib BTL will be
ignored for this job.

  Local host: padufc40
--------------------------------------------------------------------------
libibverbs: Warning: couldn't load driver 'mlx5': /usr/lib64/libmlx5-rdmav2.so: symbol ibv_cmd_create_qp_ex, version IBVERBS_1.1 not defined in file libibverbs.so.1 with link time reference
--------------------------------------------------------------------------
WARNING: There is at least non-excluded one OpenFabrics device found,
but there are no active ports detected (or Open MPI was unable to use
them).  This is most certainly not what you wanted.  Check your
cables, subnet manager configuration, etc.  The openib BTL will be
ignored for this job.

  Local host: padufc40
--------------------------------------------------------------------------
--------------------------------------------------------------------------
WARNING: There is at least non-excluded one OpenFabrics device found,
but there are no active ports detected (or Open MPI was unable to use
them).  This is most certainly not what you wanted.  Check your
cables, subnet manager configuration, etc.  The openib BTL will be
ignored for this job.

  Local host: padufc40
--------------------------------------------------------------------------
#elements_ruapehu_n.process__passo_2_rank_5
1314071
#nodes_ruapehu_n.process__passo_2_rank_5
678040
Erro do processo 5 no passo 0 = 736.969
Erro do processo 5 no passo 1 = 11.5016
Erro do processo 5 no passo 2 = 1.73973
INIT >> ANÁLISE DOS ELEMENTOS DA MALHA GERADA
END >> ANÁLISE DOS ELEMENTOS DA MALHA GERADA
INIT >> ANÁLISE DOS ELEMENTOS DA MALHA GERADA
END >> ANÁLISE DOS ELEMENTOS DA MALHA GERADA
INIT >> ANÁLISE DOS ELEMENTOS DA MALHA GERADA
END >> ANÁLISE DOS ELEMENTOS DA MALHA GERADA

Tempo do processo 5
0
0.00267
7.23434
65.3843
38.1733
0.180033
0.440837
127.079
238.495
Método do processo 5 com 1 thread(s) finalizado com Sucesso!
#elements_ruapehu_n.process__passo_2_rank_7
1354316
#nodes_ruapehu_n.process__passo_2_rank_7
698701
Erro do processo 7 no passo 0 = 705.517
Erro do processo 7 no passo 1 = 12.512
Erro do processo 7 no passo 2 = 2.26615
INIT >> ANÁLISE DOS ELEMENTOS DA MALHA GERADA
END >> ANÁLISE DOS ELEMENTOS DA MALHA GERADA
INIT >> ANÁLISE DOS ELEMENTOS DA MALHA GERADA
END >> ANÁLISE DOS ELEMENTOS DA MALHA GERADA
INIT >> ANÁLISE DOS ELEMENTOS DA MALHA GERADA
END >> ANÁLISE DOS ELEMENTOS DA MALHA GERADA

Tempo do processo 7
0
0.002812
6.31576
70.8477
37.7308
0.147904
0.970912
127.099
243.115
Método do processo 7 com 1 thread(s) finalizado com Sucesso!
#elements_ruapehu_n.process__passo_2_rank_4
1324309
#nodes_ruapehu_n.process__passo_2_rank_4
683279
Erro do processo 4 no passo 0 = 738.409
Erro do processo 4 no passo 1 = 12.4447
Erro do processo 4 no passo 2 = 2.09736
INIT >> ANÁLISE DOS ELEMENTOS DA MALHA GERADA
END >> ANÁLISE DOS ELEMENTOS DA MALHA GERADA
INIT >> ANÁLISE DOS ELEMENTOS DA MALHA GERADA
END >> ANÁLISE DOS ELEMENTOS DA MALHA GERADA
INIT >> ANÁLISE DOS ELEMENTOS DA MALHA GERADA
END >> ANÁLISE DOS ELEMENTOS DA MALHA GERADA

Tempo do processo 4
0
0.002813
6.52049
70.5562
38.183
0.152108
0.91671
127.081
243.412
Método do processo 4 com 1 thread(s) finalizado com Sucesso!
#elements_ruapehu_n.process__passo_2_rank_2
1354121
#nodes_ruapehu_n.process__passo_2_rank_2
698630
Erro do processo 2 no passo 0 = 669.995
Erro do processo 2 no passo 1 = 11.6975
Erro do processo 2 no passo 2 = 2.28272
INIT >> ANÁLISE DOS ELEMENTOS DA MALHA GERADA
END >> ANÁLISE DOS ELEMENTOS DA MALHA GERADA
INIT >> ANÁLISE DOS ELEMENTOS DA MALHA GERADA
END >> ANÁLISE DOS ELEMENTOS DA MALHA GERADA
INIT >> ANÁLISE DOS ELEMENTOS DA MALHA GERADA
END >> ANÁLISE DOS ELEMENTOS DA MALHA GERADA

Tempo do processo 2
0
0.002903
6.47462
71.2991
38.8322
0.138739
0.816465
127.079
244.643
Método do processo 2 com 1 thread(s) finalizado com Sucesso!
srun: Job step aborted: Waiting up to 2 seconds for job step to finish.
slurmd[padufc40]: *** STEP 118136.1 CANCELLED AT 2021-06-22T15:56:08 DUE TO TIME LIMIT ***
srun: got SIGCONT
srun: forcing job termination
