The system is: Darwin - 15.2.0 - x86_64
Compiling the C compiler identification source file "CMakeCCompilerId.c" succeeded.
Compiler: /Applications/Xcode.app/Contents/Developer/Toolchains/XcodeDefault.xctoolchain/usr/bin/cc 
Build flags: 
Id flags: 

The output was:
0


Compilation of the C compiler identification source "CMakeCCompilerId.c" produced "a.out"

The C compiler identification is AppleClang, found in "/Users/tiagosombra/Dropbox/tiago/ufc/MestradoTiago/GitHub/TMeshSurf/genBezierPatches/lib/eigen/CMakeFiles/3.4.1/CompilerIdC/a.out"

Compiling the CXX compiler identification source file "CMakeCXXCompilerId.cpp" succeeded.
Compiler: /Applications/Xcode.app/Contents/Developer/Toolchains/XcodeDefault.xctoolchain/usr/bin/c++ 
Build flags: 
Id flags: 

The output was:
0


Compilation of the CXX compiler identification source "CMakeCXXCompilerId.cpp" produced "a.out"

The CXX compiler identification is AppleClang, found in "/Users/tiagosombra/Dropbox/tiago/ufc/MestradoTiago/GitHub/TMeshSurf/genBezierPatches/lib/eigen/CMakeFiles/3.4.1/CompilerIdCXX/a.out"

Determining if the C compiler works passed with the following output:
Change Dir: /Users/tiagosombra/Dropbox/tiago/ufc/MestradoTiago/GitHub/TMeshSurf/genBezierPatches/lib/eigen/CMakeFiles/CMakeTmp

Run Build Command:"/opt/local/bin/gmake" "cmTC_61f83/fast"
/opt/local/bin/gmake -f CMakeFiles/cmTC_61f83.dir/build.make CMakeFiles/cmTC_61f83.dir/build
gmake[1]: Entering directory '/Users/tiagosombra/Dropbox/tiago/ufc/MestradoTiago/GitHub/TMeshSurf/genBezierPatches/lib/eigen/CMakeFiles/CMakeTmp'
Building C object CMakeFiles/cmTC_61f83.dir/testCCompiler.c.o
/Applications/Xcode.app/Contents/Developer/Toolchains/XcodeDefault.xctoolchain/usr/bin/cc     -o CMakeFiles/cmTC_61f83.dir/testCCompiler.c.o   -c /Users/tiagosombra/Dropbox/tiago/ufc/MestradoTiago/GitHub/TMeshSurf/genBezierPatches/lib/eigen/CMakeFiles/CMakeTmp/testCCompiler.c
Linking C executable cmTC_61f83
/opt/local/bin/cmake -E cmake_link_script CMakeFiles/cmTC_61f83.dir/link.txt --verbose=1
/Applications/Xcode.app/Contents/Developer/Toolchains/XcodeDefault.xctoolchain/usr/bin/cc    -Wl,-search_paths_first -Wl,-headerpad_max_install_names   CMakeFiles/cmTC_61f83.dir/testCCompiler.c.o  -o cmTC_61f83  
gmake[1]: Leaving directory '/Users/tiagosombra/Dropbox/tiago/ufc/MestradoTiago/GitHub/TMeshSurf/genBezierPatches/lib/eigen/CMakeFiles/CMakeTmp'


Detecting C compiler ABI info compiled with the following output:
Change Dir: /Users/tiagosombra/Dropbox/tiago/ufc/MestradoTiago/GitHub/TMeshSurf/genBezierPatches/lib/eigen/CMakeFiles/CMakeTmp

Run Build Command:"/opt/local/bin/gmake" "cmTC_0ed8f/fast"
/opt/local/bin/gmake -f CMakeFiles/cmTC_0ed8f.dir/build.make CMakeFiles/cmTC_0ed8f.dir/build
gmake[1]: Entering directory '/Users/tiagosombra/Dropbox/tiago/ufc/MestradoTiago/GitHub/TMeshSurf/genBezierPatches/lib/eigen/CMakeFiles/CMakeTmp'
Building C object CMakeFiles/cmTC_0ed8f.dir/CMakeCCompilerABI.c.o
/Applications/Xcode.app/Contents/Developer/Toolchains/XcodeDefault.xctoolchain/usr/bin/cc     -o CMakeFiles/cmTC_0ed8f.dir/CMakeCCompilerABI.c.o   -c /opt/local/share/cmake-3.4/Modules/CMakeCCompilerABI.c
Linking C executable cmTC_0ed8f
/opt/local/bin/cmake -E cmake_link_script CMakeFiles/cmTC_0ed8f.dir/link.txt --verbose=1
/Applications/Xcode.app/Contents/Developer/Toolchains/XcodeDefault.xctoolchain/usr/bin/cc    -Wl,-search_paths_first -Wl,-headerpad_max_install_names  -v -Wl,-v CMakeFiles/cmTC_0ed8f.dir/CMakeCCompilerABI.c.o  -o cmTC_0ed8f   
Apple LLVM version 7.0.2 (clang-700.1.81)
Target: x86_64-apple-darwin15.2.0
Thread model: posix
 "/Applications/Xcode.app/Contents/Developer/Toolchains/XcodeDefault.xctoolchain/usr/bin/ld" -demangle -dynamic -arch x86_64 -macosx_version_min 10.11.0 -o cmTC_0ed8f -search_paths_first -headerpad_max_install_names -v CMakeFiles/cmTC_0ed8f.dir/CMakeCCompilerABI.c.o -lSystem /Applications/Xcode.app/Contents/Developer/Toolchains/XcodeDefault.xctoolchain/usr/bin/../lib/clang/7.0.2/lib/darwin/libclang_rt.osx.a
@(#)PROGRAM:ld  PROJECT:ld64-253.9
configured to support archs: armv6 armv7 armv7s arm64 i386 x86_64 x86_64h armv6m armv7k armv7m armv7em (tvOS)
Library search paths:
	/usr/lib
	/usr/local/lib
Framework search paths:
	/Library/Frameworks/
	/System/Library/Frameworks/
gmake[1]: Leaving directory '/Users/tiagosombra/Dropbox/tiago/ufc/MestradoTiago/GitHub/TMeshSurf/genBezierPatches/lib/eigen/CMakeFiles/CMakeTmp'


Parsed C implicit link information from above output:
  link line regex: [^( *|.*[/\])(ld|([^/\]+-)?ld|collect2)[^/\]*( |$)]
  ignore line: [Change Dir: /Users/tiagosombra/Dropbox/tiago/ufc/MestradoTiago/GitHub/TMeshSurf/genBezierPatches/lib/eigen/CMakeFiles/CMakeTmp]
  ignore line: []
  ignore line: [Run Build Command:"/opt/local/bin/gmake" "cmTC_0ed8f/fast"]
  ignore line: [/opt/local/bin/gmake -f CMakeFiles/cmTC_0ed8f.dir/build.make CMakeFiles/cmTC_0ed8f.dir/build]
  ignore line: [gmake[1]: Entering directory '/Users/tiagosombra/Dropbox/tiago/ufc/MestradoTiago/GitHub/TMeshSurf/genBezierPatches/lib/eigen/CMakeFiles/CMakeTmp']
  ignore line: [Building C object CMakeFiles/cmTC_0ed8f.dir/CMakeCCompilerABI.c.o]
  ignore line: [/Applications/Xcode.app/Contents/Developer/Toolchains/XcodeDefault.xctoolchain/usr/bin/cc     -o CMakeFiles/cmTC_0ed8f.dir/CMakeCCompilerABI.c.o   -c /opt/local/share/cmake-3.4/Modules/CMakeCCompilerABI.c]
  ignore line: [Linking C executable cmTC_0ed8f]
  ignore line: [/opt/local/bin/cmake -E cmake_link_script CMakeFiles/cmTC_0ed8f.dir/link.txt --verbose=1]
  ignore line: [/Applications/Xcode.app/Contents/Developer/Toolchains/XcodeDefault.xctoolchain/usr/bin/cc    -Wl,-search_paths_first -Wl,-headerpad_max_install_names  -v -Wl,-v CMakeFiles/cmTC_0ed8f.dir/CMakeCCompilerABI.c.o  -o cmTC_0ed8f   ]
  ignore line: [Apple LLVM version 7.0.2 (clang-700.1.81)]
  ignore line: [Target: x86_64-apple-darwin15.2.0]
  ignore line: [Thread model: posix]
  link line: [ "/Applications/Xcode.app/Contents/Developer/Toolchains/XcodeDefault.xctoolchain/usr/bin/ld" -demangle -dynamic -arch x86_64 -macosx_version_min 10.11.0 -o cmTC_0ed8f -search_paths_first -headerpad_max_install_names -v CMakeFiles/cmTC_0ed8f.dir/CMakeCCompilerABI.c.o -lSystem /Applications/Xcode.app/Contents/Developer/Toolchains/XcodeDefault.xctoolchain/usr/bin/../lib/clang/7.0.2/lib/darwin/libclang_rt.osx.a]
    arg [/Applications/Xcode.app/Contents/Developer/Toolchains/XcodeDefault.xctoolchain/usr/bin/ld] ==> ignore
    arg [-demangle] ==> ignore
    arg [-dynamic] ==> ignore
    arg [-arch] ==> ignore
    arg [x86_64] ==> ignore
    arg [-macosx_version_min] ==> ignore
    arg [10.11.0] ==> ignore
    arg [-o] ==> ignore
    arg [cmTC_0ed8f] ==> ignore
    arg [-search_paths_first] ==> ignore
    arg [-headerpad_max_install_names] ==> ignore
    arg [-v] ==> ignore
    arg [CMakeFiles/cmTC_0ed8f.dir/CMakeCCompilerABI.c.o] ==> ignore
    arg [-lSystem] ==> lib [System]
    arg [/Applications/Xcode.app/Contents/Developer/Toolchains/XcodeDefault.xctoolchain/usr/bin/../lib/clang/7.0.2/lib/darwin/libclang_rt.osx.a] ==> lib [/Applications/Xcode.app/Contents/Developer/Toolchains/XcodeDefault.xctoolchain/usr/bin/../lib/clang/7.0.2/lib/darwin/libclang_rt.osx.a]
  Library search paths: [;/usr/lib;/usr/local/lib]
  Framework search paths: [;/Library/Frameworks/;/System/Library/Frameworks/]
  remove lib [System]
  collapse lib [/Applications/Xcode.app/Contents/Developer/Toolchains/XcodeDefault.xctoolchain/usr/bin/../lib/clang/7.0.2/lib/darwin/libclang_rt.osx.a] ==> [/Applications/Xcode.app/Contents/Developer/Toolchains/XcodeDefault.xctoolchain/usr/lib/clang/7.0.2/lib/darwin/libclang_rt.osx.a]
  collapse library dir [/usr/lib] ==> [/usr/lib]
  collapse library dir [/usr/local/lib] ==> [/usr/local/lib]
  collapse framework dir [/Library/Frameworks/] ==> [/Library/Frameworks]
  collapse framework dir [/System/Library/Frameworks/] ==> [/System/Library/Frameworks]
  implicit libs: [/Applications/Xcode.app/Contents/Developer/Toolchains/XcodeDefault.xctoolchain/usr/lib/clang/7.0.2/lib/darwin/libclang_rt.osx.a]
  implicit dirs: [/usr/lib;/usr/local/lib]
  implicit fwks: [/Library/Frameworks;/System/Library/Frameworks]




Detecting C [-std=c11] compiler features compiled with the following output:
Change Dir: /Users/tiagosombra/Dropbox/tiago/ufc/MestradoTiago/GitHub/TMeshSurf/genBezierPatches/lib/eigen/CMakeFiles/CMakeTmp

Run Build Command:"/opt/local/bin/gmake" "cmTC_0559b/fast"
/opt/local/bin/gmake -f CMakeFiles/cmTC_0559b.dir/build.make CMakeFiles/cmTC_0559b.dir/build
gmake[1]: Entering directory '/Users/tiagosombra/Dropbox/tiago/ufc/MestradoTiago/GitHub/TMeshSurf/genBezierPatches/lib/eigen/CMakeFiles/CMakeTmp'
Building C object CMakeFiles/cmTC_0559b.dir/feature_tests.c.o
/Applications/Xcode.app/Contents/Developer/Toolchains/XcodeDefault.xctoolchain/usr/bin/cc    -std=c11 -o CMakeFiles/cmTC_0559b.dir/feature_tests.c.o   -c /Users/tiagosombra/Dropbox/tiago/ufc/MestradoTiago/GitHub/TMeshSurf/genBezierPatches/lib/eigen/CMakeFiles/feature_tests.c
Linking C executable cmTC_0559b
/opt/local/bin/cmake -E cmake_link_script CMakeFiles/cmTC_0559b.dir/link.txt --verbose=1
/Applications/Xcode.app/Contents/Developer/Toolchains/XcodeDefault.xctoolchain/usr/bin/cc    -Wl,-search_paths_first -Wl,-headerpad_max_install_names   CMakeFiles/cmTC_0559b.dir/feature_tests.c.o  -o cmTC_0559b  
gmake[1]: Leaving directory '/Users/tiagosombra/Dropbox/tiago/ufc/MestradoTiago/GitHub/TMeshSurf/genBezierPatches/lib/eigen/CMakeFiles/CMakeTmp'


    Feature record: C_FEATURE:1c_function_prototypes
    Feature record: C_FEATURE:1c_restrict
    Feature record: C_FEATURE:1c_static_assert
    Feature record: C_FEATURE:1c_variadic_macros


Detecting C [-std=c99] compiler features compiled with the following output:
Change Dir: /Users/tiagosombra/Dropbox/tiago/ufc/MestradoTiago/GitHub/TMeshSurf/genBezierPatches/lib/eigen/CMakeFiles/CMakeTmp

Run Build Command:"/opt/local/bin/gmake" "cmTC_a2a56/fast"
/opt/local/bin/gmake -f CMakeFiles/cmTC_a2a56.dir/build.make CMakeFiles/cmTC_a2a56.dir/build
gmake[1]: Entering directory '/Users/tiagosombra/Dropbox/tiago/ufc/MestradoTiago/GitHub/TMeshSurf/genBezierPatches/lib/eigen/CMakeFiles/CMakeTmp'
Building C object CMakeFiles/cmTC_a2a56.dir/feature_tests.c.o
/Applications/Xcode.app/Contents/Developer/Toolchains/XcodeDefault.xctoolchain/usr/bin/cc    -std=c99 -o CMakeFiles/cmTC_a2a56.dir/feature_tests.c.o   -c /Users/tiagosombra/Dropbox/tiago/ufc/MestradoTiago/GitHub/TMeshSurf/genBezierPatches/lib/eigen/CMakeFiles/feature_tests.c
Linking C executable cmTC_a2a56
/opt/local/bin/cmake -E cmake_link_script CMakeFiles/cmTC_a2a56.dir/link.txt --verbose=1
/Applications/Xcode.app/Contents/Developer/Toolchains/XcodeDefault.xctoolchain/usr/bin/cc    -Wl,-search_paths_first -Wl,-headerpad_max_install_names   CMakeFiles/cmTC_a2a56.dir/feature_tests.c.o  -o cmTC_a2a56  
gmake[1]: Leaving directory '/Users/tiagosombra/Dropbox/tiago/ufc/MestradoTiago/GitHub/TMeshSurf/genBezierPatches/lib/eigen/CMakeFiles/CMakeTmp'


    Feature record: C_FEATURE:1c_function_prototypes
    Feature record: C_FEATURE:1c_restrict
    Feature record: C_FEATURE:0c_static_assert
    Feature record: C_FEATURE:1c_variadic_macros


Detecting C [-std=c90] compiler features compiled with the following output:
Change Dir: /Users/tiagosombra/Dropbox/tiago/ufc/MestradoTiago/GitHub/TMeshSurf/genBezierPatches/lib/eigen/CMakeFiles/CMakeTmp

Run Build Command:"/opt/local/bin/gmake" "cmTC_12cd2/fast"
/opt/local/bin/gmake -f CMakeFiles/cmTC_12cd2.dir/build.make CMakeFiles/cmTC_12cd2.dir/build
gmake[1]: Entering directory '/Users/tiagosombra/Dropbox/tiago/ufc/MestradoTiago/GitHub/TMeshSurf/genBezierPatches/lib/eigen/CMakeFiles/CMakeTmp'
Building C object CMakeFiles/cmTC_12cd2.dir/feature_tests.c.o
/Applications/Xcode.app/Contents/Developer/Toolchains/XcodeDefault.xctoolchain/usr/bin/cc    -std=c90 -o CMakeFiles/cmTC_12cd2.dir/feature_tests.c.o   -c /Users/tiagosombra/Dropbox/tiago/ufc/MestradoTiago/GitHub/TMeshSurf/genBezierPatches/lib/eigen/CMakeFiles/feature_tests.c
Linking C executable cmTC_12cd2
/opt/local/bin/cmake -E cmake_link_script CMakeFiles/cmTC_12cd2.dir/link.txt --verbose=1
/Applications/Xcode.app/Contents/Developer/Toolchains/XcodeDefault.xctoolchain/usr/bin/cc    -Wl,-search_paths_first -Wl,-headerpad_max_install_names   CMakeFiles/cmTC_12cd2.dir/feature_tests.c.o  -o cmTC_12cd2  
gmake[1]: Leaving directory '/Users/tiagosombra/Dropbox/tiago/ufc/MestradoTiago/GitHub/TMeshSurf/genBezierPatches/lib/eigen/CMakeFiles/CMakeTmp'


    Feature record: C_FEATURE:1c_function_prototypes
    Feature record: C_FEATURE:0c_restrict
    Feature record: C_FEATURE:0c_static_assert
    Feature record: C_FEATURE:0c_variadic_macros
Determining if the CXX compiler works passed with the following output:
Change Dir: /Users/tiagosombra/Dropbox/tiago/ufc/MestradoTiago/GitHub/TMeshSurf/genBezierPatches/lib/eigen/CMakeFiles/CMakeTmp

Run Build Command:"/opt/local/bin/gmake" "cmTC_276cc/fast"
/opt/local/bin/gmake -f CMakeFiles/cmTC_276cc.dir/build.make CMakeFiles/cmTC_276cc.dir/build
gmake[1]: Entering directory '/Users/tiagosombra/Dropbox/tiago/ufc/MestradoTiago/GitHub/TMeshSurf/genBezierPatches/lib/eigen/CMakeFiles/CMakeTmp'
Building CXX object CMakeFiles/cmTC_276cc.dir/testCXXCompiler.cxx.o
/Applications/Xcode.app/Contents/Developer/Toolchains/XcodeDefault.xctoolchain/usr/bin/c++      -o CMakeFiles/cmTC_276cc.dir/testCXXCompiler.cxx.o -c /Users/tiagosombra/Dropbox/tiago/ufc/MestradoTiago/GitHub/TMeshSurf/genBezierPatches/lib/eigen/CMakeFiles/CMakeTmp/testCXXCompiler.cxx
Linking CXX executable cmTC_276cc
/opt/local/bin/cmake -E cmake_link_script CMakeFiles/cmTC_276cc.dir/link.txt --verbose=1
/Applications/Xcode.app/Contents/Developer/Toolchains/XcodeDefault.xctoolchain/usr/bin/c++     -Wl,-search_paths_first -Wl,-headerpad_max_install_names   CMakeFiles/cmTC_276cc.dir/testCXXCompiler.cxx.o  -o cmTC_276cc  
gmake[1]: Leaving directory '/Users/tiagosombra/Dropbox/tiago/ufc/MestradoTiago/GitHub/TMeshSurf/genBezierPatches/lib/eigen/CMakeFiles/CMakeTmp'


Detecting CXX compiler ABI info compiled with the following output:
Change Dir: /Users/tiagosombra/Dropbox/tiago/ufc/MestradoTiago/GitHub/TMeshSurf/genBezierPatches/lib/eigen/CMakeFiles/CMakeTmp

Run Build Command:"/opt/local/bin/gmake" "cmTC_624ba/fast"
/opt/local/bin/gmake -f CMakeFiles/cmTC_624ba.dir/build.make CMakeFiles/cmTC_624ba.dir/build
gmake[1]: Entering directory '/Users/tiagosombra/Dropbox/tiago/ufc/MestradoTiago/GitHub/TMeshSurf/genBezierPatches/lib/eigen/CMakeFiles/CMakeTmp'
Building CXX object CMakeFiles/cmTC_624ba.dir/CMakeCXXCompilerABI.cpp.o
/Applications/Xcode.app/Contents/Developer/Toolchains/XcodeDefault.xctoolchain/usr/bin/c++      -o CMakeFiles/cmTC_624ba.dir/CMakeCXXCompilerABI.cpp.o -c /opt/local/share/cmake-3.4/Modules/CMakeCXXCompilerABI.cpp
Linking CXX executable cmTC_624ba
/opt/local/bin/cmake -E cmake_link_script CMakeFiles/cmTC_624ba.dir/link.txt --verbose=1
/Applications/Xcode.app/Contents/Developer/Toolchains/XcodeDefault.xctoolchain/usr/bin/c++     -Wl,-search_paths_first -Wl,-headerpad_max_install_names  -v -Wl,-v CMakeFiles/cmTC_624ba.dir/CMakeCXXCompilerABI.cpp.o  -o cmTC_624ba   
Apple LLVM version 7.0.2 (clang-700.1.81)
Target: x86_64-apple-darwin15.2.0
Thread model: posix
 "/Applications/Xcode.app/Contents/Developer/Toolchains/XcodeDefault.xctoolchain/usr/bin/ld" -demangle -dynamic -arch x86_64 -macosx_version_min 10.11.0 -o cmTC_624ba -search_paths_first -headerpad_max_install_names -v CMakeFiles/cmTC_624ba.dir/CMakeCXXCompilerABI.cpp.o -lc++ -lSystem /Applications/Xcode.app/Contents/Developer/Toolchains/XcodeDefault.xctoolchain/usr/bin/../lib/clang/7.0.2/lib/darwin/libclang_rt.osx.a
@(#)PROGRAM:ld  PROJECT:ld64-253.9
configured to support archs: armv6 armv7 armv7s arm64 i386 x86_64 x86_64h armv6m armv7k armv7m armv7em (tvOS)
Library search paths:
	/usr/lib
	/usr/local/lib
Framework search paths:
	/Library/Frameworks/
	/System/Library/Frameworks/
gmake[1]: Leaving directory '/Users/tiagosombra/Dropbox/tiago/ufc/MestradoTiago/GitHub/TMeshSurf/genBezierPatches/lib/eigen/CMakeFiles/CMakeTmp'


Parsed CXX implicit link information from above output:
  link line regex: [^( *|.*[/\])(ld|([^/\]+-)?ld|collect2)[^/\]*( |$)]
  ignore line: [Change Dir: /Users/tiagosombra/Dropbox/tiago/ufc/MestradoTiago/GitHub/TMeshSurf/genBezierPatches/lib/eigen/CMakeFiles/CMakeTmp]
  ignore line: []
  ignore line: [Run Build Command:"/opt/local/bin/gmake" "cmTC_624ba/fast"]
  ignore line: [/opt/local/bin/gmake -f CMakeFiles/cmTC_624ba.dir/build.make CMakeFiles/cmTC_624ba.dir/build]
  ignore line: [gmake[1]: Entering directory '/Users/tiagosombra/Dropbox/tiago/ufc/MestradoTiago/GitHub/TMeshSurf/genBezierPatches/lib/eigen/CMakeFiles/CMakeTmp']
  ignore line: [Building CXX object CMakeFiles/cmTC_624ba.dir/CMakeCXXCompilerABI.cpp.o]
  ignore line: [/Applications/Xcode.app/Contents/Developer/Toolchains/XcodeDefault.xctoolchain/usr/bin/c++      -o CMakeFiles/cmTC_624ba.dir/CMakeCXXCompilerABI.cpp.o -c /opt/local/share/cmake-3.4/Modules/CMakeCXXCompilerABI.cpp]
  ignore line: [Linking CXX executable cmTC_624ba]
  ignore line: [/opt/local/bin/cmake -E cmake_link_script CMakeFiles/cmTC_624ba.dir/link.txt --verbose=1]
  ignore line: [/Applications/Xcode.app/Contents/Developer/Toolchains/XcodeDefault.xctoolchain/usr/bin/c++     -Wl,-search_paths_first -Wl,-headerpad_max_install_names  -v -Wl,-v CMakeFiles/cmTC_624ba.dir/CMakeCXXCompilerABI.cpp.o  -o cmTC_624ba   ]
  ignore line: [Apple LLVM version 7.0.2 (clang-700.1.81)]
  ignore line: [Target: x86_64-apple-darwin15.2.0]
  ignore line: [Thread model: posix]
  link line: [ "/Applications/Xcode.app/Contents/Developer/Toolchains/XcodeDefault.xctoolchain/usr/bin/ld" -demangle -dynamic -arch x86_64 -macosx_version_min 10.11.0 -o cmTC_624ba -search_paths_first -headerpad_max_install_names -v CMakeFiles/cmTC_624ba.dir/CMakeCXXCompilerABI.cpp.o -lc++ -lSystem /Applications/Xcode.app/Contents/Developer/Toolchains/XcodeDefault.xctoolchain/usr/bin/../lib/clang/7.0.2/lib/darwin/libclang_rt.osx.a]
    arg [/Applications/Xcode.app/Contents/Developer/Toolchains/XcodeDefault.xctoolchain/usr/bin/ld] ==> ignore
    arg [-demangle] ==> ignore
    arg [-dynamic] ==> ignore
    arg [-arch] ==> ignore
    arg [x86_64] ==> ignore
    arg [-macosx_version_min] ==> ignore
    arg [10.11.0] ==> ignore
    arg [-o] ==> ignore
    arg [cmTC_624ba] ==> ignore
    arg [-search_paths_first] ==> ignore
    arg [-headerpad_max_install_names] ==> ignore
    arg [-v] ==> ignore
    arg [CMakeFiles/cmTC_624ba.dir/CMakeCXXCompilerABI.cpp.o] ==> ignore
    arg [-lc++] ==> lib [c++]
    arg [-lSystem] ==> lib [System]
    arg [/Applications/Xcode.app/Contents/Developer/Toolchains/XcodeDefault.xctoolchain/usr/bin/../lib/clang/7.0.2/lib/darwin/libclang_rt.osx.a] ==> lib [/Applications/Xcode.app/Contents/Developer/Toolchains/XcodeDefault.xctoolchain/usr/bin/../lib/clang/7.0.2/lib/darwin/libclang_rt.osx.a]
  Library search paths: [;/usr/lib;/usr/local/lib]
  Framework search paths: [;/Library/Frameworks/;/System/Library/Frameworks/]
  remove lib [System]
  collapse lib [/Applications/Xcode.app/Contents/Developer/Toolchains/XcodeDefault.xctoolchain/usr/bin/../lib/clang/7.0.2/lib/darwin/libclang_rt.osx.a] ==> [/Applications/Xcode.app/Contents/Developer/Toolchains/XcodeDefault.xctoolchain/usr/lib/clang/7.0.2/lib/darwin/libclang_rt.osx.a]
  collapse library dir [/usr/lib] ==> [/usr/lib]
  collapse library dir [/usr/local/lib] ==> [/usr/local/lib]
  collapse framework dir [/Library/Frameworks/] ==> [/Library/Frameworks]
  collapse framework dir [/System/Library/Frameworks/] ==> [/System/Library/Frameworks]
  implicit libs: [c++;/Applications/Xcode.app/Contents/Developer/Toolchains/XcodeDefault.xctoolchain/usr/lib/clang/7.0.2/lib/darwin/libclang_rt.osx.a]
  implicit dirs: [/usr/lib;/usr/local/lib]
  implicit fwks: [/Library/Frameworks;/System/Library/Frameworks]




Detecting CXX [-std=c++14] compiler features compiled with the following output:
Change Dir: /Users/tiagosombra/Dropbox/tiago/ufc/MestradoTiago/GitHub/TMeshSurf/genBezierPatches/lib/eigen/CMakeFiles/CMakeTmp

Run Build Command:"/opt/local/bin/gmake" "cmTC_5636e/fast"
/opt/local/bin/gmake -f CMakeFiles/cmTC_5636e.dir/build.make CMakeFiles/cmTC_5636e.dir/build
gmake[1]: Entering directory '/Users/tiagosombra/Dropbox/tiago/ufc/MestradoTiago/GitHub/TMeshSurf/genBezierPatches/lib/eigen/CMakeFiles/CMakeTmp'
Building CXX object CMakeFiles/cmTC_5636e.dir/feature_tests.cxx.o
/Applications/Xcode.app/Contents/Developer/Toolchains/XcodeDefault.xctoolchain/usr/bin/c++     -std=c++14 -o CMakeFiles/cmTC_5636e.dir/feature_tests.cxx.o -c /Users/tiagosombra/Dropbox/tiago/ufc/MestradoTiago/GitHub/TMeshSurf/genBezierPatches/lib/eigen/CMakeFiles/feature_tests.cxx
Linking CXX executable cmTC_5636e
/opt/local/bin/cmake -E cmake_link_script CMakeFiles/cmTC_5636e.dir/link.txt --verbose=1
/Applications/Xcode.app/Contents/Developer/Toolchains/XcodeDefault.xctoolchain/usr/bin/c++     -Wl,-search_paths_first -Wl,-headerpad_max_install_names   CMakeFiles/cmTC_5636e.dir/feature_tests.cxx.o  -o cmTC_5636e  
gmake[1]: Leaving directory '/Users/tiagosombra/Dropbox/tiago/ufc/MestradoTiago/GitHub/TMeshSurf/genBezierPatches/lib/eigen/CMakeFiles/CMakeTmp'


    Feature record: CXX_FEATURE:1cxx_aggregate_default_initializers
    Feature record: CXX_FEATURE:1cxx_alias_templates
    Feature record: CXX_FEATURE:1cxx_alignas
    Feature record: CXX_FEATURE:1cxx_alignof
    Feature record: CXX_FEATURE:1cxx_attributes
    Feature record: CXX_FEATURE:1cxx_attribute_deprecated
    Feature record: CXX_FEATURE:1cxx_auto_type
    Feature record: CXX_FEATURE:1cxx_binary_literals
    Feature record: CXX_FEATURE:1cxx_constexpr
    Feature record: CXX_FEATURE:1cxx_contextual_conversions
    Feature record: CXX_FEATURE:1cxx_decltype
    Feature record: CXX_FEATURE:1cxx_decltype_auto
    Feature record: CXX_FEATURE:1cxx_decltype_incomplete_return_types
    Feature record: CXX_FEATURE:1cxx_default_function_template_args
    Feature record: CXX_FEATURE:1cxx_defaulted_functions
    Feature record: CXX_FEATURE:1cxx_defaulted_move_initializers
    Feature record: CXX_FEATURE:1cxx_delegating_constructors
    Feature record: CXX_FEATURE:1cxx_deleted_functions
    Feature record: CXX_FEATURE:1cxx_digit_separators
    Feature record: CXX_FEATURE:1cxx_enum_forward_declarations
    Feature record: CXX_FEATURE:1cxx_explicit_conversions
    Feature record: CXX_FEATURE:1cxx_extended_friend_declarations
    Feature record: CXX_FEATURE:1cxx_extern_templates
    Feature record: CXX_FEATURE:1cxx_final
    Feature record: CXX_FEATURE:1cxx_func_identifier
    Feature record: CXX_FEATURE:1cxx_generalized_initializers
    Feature record: CXX_FEATURE:1cxx_generic_lambdas
    Feature record: CXX_FEATURE:1cxx_inheriting_constructors
    Feature record: CXX_FEATURE:1cxx_inline_namespaces
    Feature record: CXX_FEATURE:1cxx_lambdas
    Feature record: CXX_FEATURE:1cxx_lambda_init_captures
    Feature record: CXX_FEATURE:1cxx_local_type_template_args
    Feature record: CXX_FEATURE:1cxx_long_long_type
    Feature record: CXX_FEATURE:1cxx_noexcept
    Feature record: CXX_FEATURE:1cxx_nonstatic_member_init
    Feature record: CXX_FEATURE:1cxx_nullptr
    Feature record: CXX_FEATURE:1cxx_override
    Feature record: CXX_FEATURE:1cxx_range_for
    Feature record: CXX_FEATURE:1cxx_raw_string_literals
    Feature record: CXX_FEATURE:1cxx_reference_qualified_functions
    Feature record: CXX_FEATURE:1cxx_relaxed_constexpr
    Feature record: CXX_FEATURE:1cxx_return_type_deduction
    Feature record: CXX_FEATURE:1cxx_right_angle_brackets
    Feature record: CXX_FEATURE:1cxx_rvalue_references
    Feature record: CXX_FEATURE:1cxx_sizeof_member
    Feature record: CXX_FEATURE:1cxx_static_assert
    Feature record: CXX_FEATURE:1cxx_strong_enums
    Feature record: CXX_FEATURE:1cxx_template_template_parameters
    Feature record: CXX_FEATURE:0cxx_thread_local
    Feature record: CXX_FEATURE:1cxx_trailing_return_types
    Feature record: CXX_FEATURE:1cxx_unicode_literals
    Feature record: CXX_FEATURE:1cxx_uniform_initialization
    Feature record: CXX_FEATURE:1cxx_unrestricted_unions
    Feature record: CXX_FEATURE:1cxx_user_literals
    Feature record: CXX_FEATURE:1cxx_variable_templates
    Feature record: CXX_FEATURE:1cxx_variadic_macros
    Feature record: CXX_FEATURE:1cxx_variadic_templates


Detecting CXX [-std=c++11] compiler features compiled with the following output:
Change Dir: /Users/tiagosombra/Dropbox/tiago/ufc/MestradoTiago/GitHub/TMeshSurf/genBezierPatches/lib/eigen/CMakeFiles/CMakeTmp

Run Build Command:"/opt/local/bin/gmake" "cmTC_6ae24/fast"
/opt/local/bin/gmake -f CMakeFiles/cmTC_6ae24.dir/build.make CMakeFiles/cmTC_6ae24.dir/build
gmake[1]: Entering directory '/Users/tiagosombra/Dropbox/tiago/ufc/MestradoTiago/GitHub/TMeshSurf/genBezierPatches/lib/eigen/CMakeFiles/CMakeTmp'
Building CXX object CMakeFiles/cmTC_6ae24.dir/feature_tests.cxx.o
/Applications/Xcode.app/Contents/Developer/Toolchains/XcodeDefault.xctoolchain/usr/bin/c++     -std=c++11 -o CMakeFiles/cmTC_6ae24.dir/feature_tests.cxx.o -c /Users/tiagosombra/Dropbox/tiago/ufc/MestradoTiago/GitHub/TMeshSurf/genBezierPatches/lib/eigen/CMakeFiles/feature_tests.cxx
Linking CXX executable cmTC_6ae24
/opt/local/bin/cmake -E cmake_link_script CMakeFiles/cmTC_6ae24.dir/link.txt --verbose=1
/Applications/Xcode.app/Contents/Developer/Toolchains/XcodeDefault.xctoolchain/usr/bin/c++     -Wl,-search_paths_first -Wl,-headerpad_max_install_names   CMakeFiles/cmTC_6ae24.dir/feature_tests.cxx.o  -o cmTC_6ae24  
gmake[1]: Leaving directory '/Users/tiagosombra/Dropbox/tiago/ufc/MestradoTiago/GitHub/TMeshSurf/genBezierPatches/lib/eigen/CMakeFiles/CMakeTmp'


    Feature record: CXX_FEATURE:0cxx_aggregate_default_initializers
    Feature record: CXX_FEATURE:1cxx_alias_templates
    Feature record: CXX_FEATURE:1cxx_alignas
    Feature record: CXX_FEATURE:1cxx_alignof
    Feature record: CXX_FEATURE:1cxx_attributes
    Feature record: CXX_FEATURE:0cxx_attribute_deprecated
    Feature record: CXX_FEATURE:1cxx_auto_type
    Feature record: CXX_FEATURE:0cxx_binary_literals
    Feature record: CXX_FEATURE:1cxx_constexpr
    Feature record: CXX_FEATURE:0cxx_contextual_conversions
    Feature record: CXX_FEATURE:1cxx_decltype
    Feature record: CXX_FEATURE:0cxx_decltype_auto
    Feature record: CXX_FEATURE:1cxx_decltype_incomplete_return_types
    Feature record: CXX_FEATURE:1cxx_default_function_template_args
    Feature record: CXX_FEATURE:1cxx_defaulted_functions
    Feature record: CXX_FEATURE:1cxx_defaulted_move_initializers
    Feature record: CXX_FEATURE:1cxx_delegating_constructors
    Feature record: CXX_FEATURE:1cxx_deleted_functions
    Feature record: CXX_FEATURE:0cxx_digit_separators
    Feature record: CXX_FEATURE:1cxx_enum_forward_declarations
    Feature record: CXX_FEATURE:1cxx_explicit_conversions
    Feature record: CXX_FEATURE:1cxx_extended_friend_declarations
    Feature record: CXX_FEATURE:1cxx_extern_templates
    Feature record: CXX_FEATURE:1cxx_final
    Feature record: CXX_FEATURE:1cxx_func_identifier
    Feature record: CXX_FEATURE:1cxx_generalized_initializers
    Feature record: CXX_FEATURE:0cxx_generic_lambdas
    Feature record: CXX_FEATURE:1cxx_inheriting_constructors
    Feature record: CXX_FEATURE:1cxx_inline_namespaces
    Feature record: CXX_FEATURE:1cxx_lambdas
    Feature record: CXX_FEATURE:0cxx_lambda_init_captures
    Feature record: CXX_FEATURE:1cxx_local_type_template_args
    Feature record: CXX_FEATURE:1cxx_long_long_type
    Feature record: CXX_FEATURE:1cxx_noexcept
    Feature record: CXX_FEATURE:1cxx_nonstatic_member_init
    Feature record: CXX_FEATURE:1cxx_nullptr
    Feature record: CXX_FEATURE:1cxx_override
    Feature record: CXX_FEATURE:1cxx_range_for
    Feature record: CXX_FEATURE:1cxx_raw_string_literals
    Feature record: CXX_FEATURE:1cxx_reference_qualified_functions
    Feature record: CXX_FEATURE:0cxx_relaxed_constexpr
    Feature record: CXX_FEATURE:0cxx_return_type_deduction
    Feature record: CXX_FEATURE:1cxx_right_angle_brackets
    Feature record: CXX_FEATURE:1cxx_rvalue_references
    Feature record: CXX_FEATURE:1cxx_sizeof_member
    Feature record: CXX_FEATURE:1cxx_static_assert
    Feature record: CXX_FEATURE:1cxx_strong_enums
    Feature record: CXX_FEATURE:1cxx_template_template_parameters
    Feature record: CXX_FEATURE:0cxx_thread_local
    Feature record: CXX_FEATURE:1cxx_trailing_return_types
    Feature record: CXX_FEATURE:1cxx_unicode_literals
    Feature record: CXX_FEATURE:1cxx_uniform_initialization
    Feature record: CXX_FEATURE:1cxx_unrestricted_unions
    Feature record: CXX_FEATURE:1cxx_user_literals
    Feature record: CXX_FEATURE:0cxx_variable_templates
    Feature record: CXX_FEATURE:1cxx_variadic_macros
    Feature record: CXX_FEATURE:1cxx_variadic_templates


Detecting CXX [-std=c++98] compiler features compiled with the following output:
Change Dir: /Users/tiagosombra/Dropbox/tiago/ufc/MestradoTiago/GitHub/TMeshSurf/genBezierPatches/lib/eigen/CMakeFiles/CMakeTmp

Run Build Command:"/opt/local/bin/gmake" "cmTC_cb311/fast"
/opt/local/bin/gmake -f CMakeFiles/cmTC_cb311.dir/build.make CMakeFiles/cmTC_cb311.dir/build
gmake[1]: Entering directory '/Users/tiagosombra/Dropbox/tiago/ufc/MestradoTiago/GitHub/TMeshSurf/genBezierPatches/lib/eigen/CMakeFiles/CMakeTmp'
Building CXX object CMakeFiles/cmTC_cb311.dir/feature_tests.cxx.o
/Applications/Xcode.app/Contents/Developer/Toolchains/XcodeDefault.xctoolchain/usr/bin/c++     -std=c++98 -o CMakeFiles/cmTC_cb311.dir/feature_tests.cxx.o -c /Users/tiagosombra/Dropbox/tiago/ufc/MestradoTiago/GitHub/TMeshSurf/genBezierPatches/lib/eigen/CMakeFiles/feature_tests.cxx
Linking CXX executable cmTC_cb311
/opt/local/bin/cmake -E cmake_link_script CMakeFiles/cmTC_cb311.dir/link.txt --verbose=1
/Applications/Xcode.app/Contents/Developer/Toolchains/XcodeDefault.xctoolchain/usr/bin/c++     -Wl,-search_paths_first -Wl,-headerpad_max_install_names   CMakeFiles/cmTC_cb311.dir/feature_tests.cxx.o  -o cmTC_cb311  
gmake[1]: Leaving directory '/Users/tiagosombra/Dropbox/tiago/ufc/MestradoTiago/GitHub/TMeshSurf/genBezierPatches/lib/eigen/CMakeFiles/CMakeTmp'


    Feature record: CXX_FEATURE:0cxx_aggregate_default_initializers
    Feature record: CXX_FEATURE:0cxx_alias_templates
    Feature record: CXX_FEATURE:0cxx_alignas
    Feature record: CXX_FEATURE:0cxx_alignof
    Feature record: CXX_FEATURE:0cxx_attributes
    Feature record: CXX_FEATURE:0cxx_attribute_deprecated
    Feature record: CXX_FEATURE:0cxx_auto_type
    Feature record: CXX_FEATURE:0cxx_binary_literals
    Feature record: CXX_FEATURE:0cxx_constexpr
    Feature record: CXX_FEATURE:0cxx_contextual_conversions
    Feature record: CXX_FEATURE:0cxx_decltype
    Feature record: CXX_FEATURE:0cxx_decltype_auto
    Feature record: CXX_FEATURE:0cxx_decltype_incomplete_return_types
    Feature record: CXX_FEATURE:0cxx_default_function_template_args
    Feature record: CXX_FEATURE:0cxx_defaulted_functions
    Feature record: CXX_FEATURE:0cxx_defaulted_move_initializers
    Feature record: CXX_FEATURE:0cxx_delegating_constructors
    Feature record: CXX_FEATURE:0cxx_deleted_functions
    Feature record: CXX_FEATURE:0cxx_digit_separators
    Feature record: CXX_FEATURE:0cxx_enum_forward_declarations
    Feature record: CXX_FEATURE:0cxx_explicit_conversions
    Feature record: CXX_FEATURE:0cxx_extended_friend_declarations
    Feature record: CXX_FEATURE:0cxx_extern_templates
    Feature record: CXX_FEATURE:0cxx_final
    Feature record: CXX_FEATURE:0cxx_func_identifier
    Feature record: CXX_FEATURE:0cxx_generalized_initializers
    Feature record: CXX_FEATURE:0cxx_generic_lambdas
    Feature record: CXX_FEATURE:0cxx_inheriting_constructors
    Feature record: CXX_FEATURE:0cxx_inline_namespaces
    Feature record: CXX_FEATURE:0cxx_lambdas
    Feature record: CXX_FEATURE:0cxx_lambda_init_captures
    Feature record: CXX_FEATURE:0cxx_local_type_template_args
    Feature record: CXX_FEATURE:0cxx_long_long_type
    Feature record: CXX_FEATURE:0cxx_noexcept
    Feature record: CXX_FEATURE:0cxx_nonstatic_member_init
    Feature record: CXX_FEATURE:0cxx_nullptr
    Feature record: CXX_FEATURE:0cxx_override
    Feature record: CXX_FEATURE:0cxx_range_for
    Feature record: CXX_FEATURE:0cxx_raw_string_literals
    Feature record: CXX_FEATURE:0cxx_reference_qualified_functions
    Feature record: CXX_FEATURE:0cxx_relaxed_constexpr
    Feature record: CXX_FEATURE:0cxx_return_type_deduction
    Feature record: CXX_FEATURE:0cxx_right_angle_brackets
    Feature record: CXX_FEATURE:0cxx_rvalue_references
    Feature record: CXX_FEATURE:0cxx_sizeof_member
    Feature record: CXX_FEATURE:0cxx_static_assert
    Feature record: CXX_FEATURE:0cxx_strong_enums
    Feature record: CXX_FEATURE:1cxx_template_template_parameters
    Feature record: CXX_FEATURE:0cxx_thread_local
    Feature record: CXX_FEATURE:0cxx_trailing_return_types
    Feature record: CXX_FEATURE:0cxx_unicode_literals
    Feature record: CXX_FEATURE:0cxx_uniform_initialization
    Feature record: CXX_FEATURE:0cxx_unrestricted_unions
    Feature record: CXX_FEATURE:0cxx_user_literals
    Feature record: CXX_FEATURE:0cxx_variable_templates
    Feature record: CXX_FEATURE:0cxx_variadic_macros
    Feature record: CXX_FEATURE:0cxx_variadic_templates
