Qua Fev 17 20:20:55 BRT 2016
INICIO >>> LEITURA
INICIO >>> ORIENTACAO
SUCESSO >>> LISTA NÃO CONTEM ERRO NA ORIENTAÇÃO.
INICIO >>> CONVERSAO
FIM >>> CONVERSAO
INICIO >>> CALCULO
FIM >>> CALCULO
INICIO >>> REDUCEGEN
FIM >>> REDUCEGEN
INICIO >>> ESCRITA
FIM >>> ESCRITA
SUCESSO >>> ARQUIVO SALVO.
Qui Fev 18 01:14:39 BRT 2016
Sáb Fev 20 09:04:08 BRT 2016
INICIO >>> LEITURA
INICIO >>> ORIENTACAO
SUCESSO >>> LISTA NÃO CONTEM ERRO NA ORIENTAÇÃO.
INICIO >>> CONVERSAO
FIM >>> CONVERSAO
INICIO >>> CALCULO
FIM >>> CALCULO
INICIO >>> REDUCEGEN
FIM >>> REDUCEGEN
INICIO >>> CONVERTBP
FIM >>> CONVERTBP
INICIO >>> ESCRITA
FIM >>> ESCRITA
SUCESSO >>> ARQUIVO SALVO.
Sáb Fev 20 09:11:15 BRT 2016
