Qua Fev 17 21:00:08 BRT 2016
INICIO >>> LEITURA
INICIO >>> ORIENTACAO
SUCESSO >>> LISTA NÃO CONTEM ERRO NA ORIENTAÇÃO.
INICIO >>> CONVERSAO
FIM >>> CONVERSAO
INICIO >>> CALCULO
FIM >>> CALCULO
INICIO >>> REDUCEGEN
FIM >>> REDUCEGEN
INICIO >>> ESCRITA
FIM >>> ESCRITA
SUCESSO >>> ARQUIVO SALVO.
Qui Fev 18 02:49:00 BRT 2016
Sáb Fev 20 09:04:08 BRT 2016
INICIO >>> LEITURA
INICIO >>> ORIENTACAO
SUCESSO >>> LISTA NÃO CONTEM ERRO NA ORIENTAÇÃO.
INICIO >>> CONVERSAO
FIM >>> CONVERSAO
INICIO >>> CALCULO
FIM >>> CALCULO
INICIO >>> REDUCEGEN
FIM >>> REDUCEGEN
INICIO >>> CONVERTBP
FIM >>> CONVERTBP
INICIO >>> ESCRITA
FIM >>> ESCRITA
SUCESSO >>> ARQUIVO SALVO.
Sáb Fev 20 09:12:28 BRT 2016
