Qui Fev 18 15:44:22 BRT 2016
INICIO >>> LEITURA
INICIO >>> ORIENTACAO
SUCESSO >>> LISTA NÃO CONTEM ERRO NA ORIENTAÇÃO.
INICIO >>> CONVERSAO
FIM >>> CONVERSAO
INICIO >>> CALCULO
FIM >>> CALCULO
INICIO >>> REDUCEGEN
FIM >>> REDUCEGEN
INICIO >>> ESCRITA
FIM >>> ESCRITA
SUCESSO >>> ARQUIVO SALVO.
Qui Fev 18 16:18:24 BRT 2016
Sáb Fev 20 09:01:43 BRT 2016
INICIO >>> LEITURA
INICIO >>> ORIENTACAO
SUCESSO >>> LISTA NÃO CONTEM ERRO NA ORIENTAÇÃO.
INICIO >>> CONVERSAO
FIM >>> CONVERSAO
INICIO >>> CALCULO
FIM >>> CALCULO
INICIO >>> REDUCEGEN
FIM >>> REDUCEGEN
INICIO >>> CONVERTBP
FIM >>> CONVERTBP
INICIO >>> ESCRITA
FIM >>> ESCRITA
SUCESSO >>> ARQUIVO SALVO.
Sáb Fev 20 09:03:00 BRT 2016
