Qua Fev 17 17:35:44 BRT 2016
INICIO >>> LEITURA
INICIO >>> ORIENTACAO
SUCESSO >>> LISTA NÃO CONTEM ERRO NA ORIENTAÇÃO.
INICIO >>> CONVERSAO
FIM >>> CONVERSAO
INICIO >>> CALCULO
FIM >>> CALCULO
INICIO >>> REDUCEGEN
FIM >>> REDUCEGEN
INICIO >>> ESCRITA
FIM >>> ESCRITA
SUCESSO >>> ARQUIVO SALVO.
Qua Fev 17 23:00:22 BRT 2016
Sáb Fev 20 09:03:00 BRT 2016
INICIO >>> LEITURA
INICIO >>> ORIENTACAO
SUCESSO >>> LISTA NÃO CONTEM ERRO NA ORIENTAÇÃO.
INICIO >>> CONVERSAO
FIM >>> CONVERSAO
INICIO >>> CALCULO
FIM >>> CALCULO
INICIO >>> REDUCEGEN
FIM >>> REDUCEGEN
INICIO >>> CONVERTBP
FIM >>> CONVERTBP
INICIO >>> ESCRITA
FIM >>> ESCRITA
SUCESSO >>> ARQUIVO SALVO.
Sáb Fev 20 09:11:50 BRT 2016
